Tue 23:37: PROGRESS: MaxCompiler version: 2020.2
Tue 23:37: PROGRESS: Build "MCSS" start time: Tue Jun 22 23:37:17 BST 2021
Tue 23:37: PROGRESS: Main build process running as user dc3117 on host cccad5.doc.ic.ac.uk
Tue 23:37: INFO    : Loading build properties from bundled MaxCompiler_build.conf...
Tue 23:37: INFO    : No bundled MaxCompiler_build.conf found.
Tue 23:37: INFO    : No default external build property file has been specified.
Tue 23:37: INFO    : (Set environment variable MAXCOMPILER_DEFAULT_CONF_FILE to assign one)
Tue 23:37: INFO    : Loading user build properties from: /homes/dc3117/.MaxCompiler_build_user.conf
Tue 23:37: INFO    : No user-specified external build property file has been specified.
Tue 23:37: INFO    : (Set environment variable MAXCOMPILER_BUILD_CONF_FILE to assign one)
Tue 23:37: INFO    : Loading additional parameters from MAXCOMPILER_BUILD_CONF environment variable
Tue 23:37: INFO    : Appending build directory location to '/mnt/ccnas2/tdp/dc3117/max/mcss/MCSS/.maxdc_builds_MCSS'
Tue 23:37: PROGRESS: Build location: /mnt/ccnas2/tdp/dc3117/max/mcss/MCSS/builds/sim/MCSS_MAX5C_DFE_SIM
Tue 23:37: PROGRESS: Detailed build log available in "_build.log"
Tue 23:37: INFO    : Created build manager MCSS (MCSS_MAX5C_DFE_SIM Tue Jun 22 23:37:17 BST 2021). (23:37:17 22/06/21)
Tue 23:37: INFO    : Working in dir: builds/sim/MCSS_MAX5C_DFE_SIM
Tue 23:37: INFO    : Java class path (16 paths):
Tue 23:37: INFO    : 	/mnt/ccnas2/tdp/dc3117/max/mcss/MCSS/bin
Tue 23:37: INFO    : 	/vol/cc/opt/maxeler/maxcompiler-2020.2/lib/commons-math3-3.6.1.jar
Tue 23:37: INFO    : 	/vol/cc/opt/maxeler/maxcompiler-2020.2/lib/bcpkix-jdk15on-160.jar
Tue 23:37: INFO    : 	/vol/cc/opt/maxeler/maxcompiler-2020.2/lib/protobuf-java-3.11.4.jar
Tue 23:37: INFO    : 	/vol/cc/opt/maxeler/maxcompiler-2020.2/lib/ecj.jar
Tue 23:37: INFO    : 	/vol/cc/opt/maxeler/maxcompiler-2020.2/lib/Max5Platform.jar
Tue 23:37: INFO    : 	/vol/cc/opt/maxeler/maxcompiler-2020.2/lib/commons-math3-3.6.1-javadoc.jar
Tue 23:37: INFO    : 	/vol/cc/opt/maxeler/maxcompiler-2020.2/lib/commons-math3-3.6.1-tools.jar
Tue 23:37: INFO    : 	/vol/cc/opt/maxeler/maxcompiler-2020.2/lib/MaxCoreCache.jar
Tue 23:37: INFO    : 	/vol/cc/opt/maxeler/maxcompiler-2020.2/lib/GenericIPPlatform.jar
Tue 23:37: INFO    : 	/vol/cc/opt/maxeler/maxcompiler-2020.2/lib/MaxCompiler.jar
Tue 23:37: INFO    : 	/vol/cc/opt/maxeler/maxcompiler-2020.2/lib/Max4Platform.jar
Tue 23:37: INFO    : 	/vol/cc/opt/maxeler/maxcompiler-2020.2/lib/mesos-1.9.0.jar
Tue 23:37: INFO    : 	/vol/cc/opt/maxeler/maxcompiler-2020.2/lib/bcprov-jdk15on-160.jar
Tue 23:37: INFO    : 	/vol/cc/opt/maxeler/maxcompiler-2020.2/lib/json-simple-1.1.1.jar
Tue 23:37: INFO    : 	/vol/cc/opt/maxeler/MaxPower-2020.2/lib/MaxPower.jar
Tue 23:37: INFO    : Java process started by 'main' method in class 'mcss.MCSSManager'.
Tue 23:37: WARNING : build.arbitrated_core_cache is set, the arbitrated core cache is deprecated and will be removed in a future release.
Tue 23:37: INFO    : build.arbitrated_core_cache parameter is blank, arbitrated core cache will not be used.
Tue 23:37: INFO    : Checking license files in directory: /vol/cc/opt/maxeler/maxcompiler-2020.2/licenses
Tue 23:37: INFO    : All license signatures valid.
Tue 23:37: USER    : 
Tue 23:37: USER    : ENGINE BUILD PARAMETERS
Tue 23:37: USER    : 	 Build name: MCSS_MAX5C_DFE_SIM
Tue 23:37: USER    : 	maxFileName: MCSS              
Tue 23:37: USER    : 	     target: DFE_SIM           
Tue 23:37: USER    : 	   DFEModel: DEPRECATED        
Tue 23:37: USER    : 	 enableMPCX: false             
Tue 23:37: PROGRESS: Instantiating kernel "rngKernel"
Tue 23:37: PROGRESS: Compiling kernel "rngKernel"
Tue 23:37: INFO    : Configuration:
Tue 23:37: INFO    : 	KernelConfiguration.additionalInputPipelining = 64                                          [Init: 64]
Tue 23:37: INFO    : 	KernelConfiguration.allowDSPCascading = true                                                [Init: true]
Tue 23:37: INFO    : 	KernelConfiguration.allowInputsOutputsBeforeFlushNode = false                               [Init: false]
Tue 23:37: INFO    : 	KernelConfiguration.allowZeroLatencyNodeHold = false                                        [Init: false]
Tue 23:37: INFO    : 	KernelConfiguration.bramBitsThreshold = 2080                                                [Init: 2080]
Tue 23:37: INFO    : 	KernelConfiguration.buildTarget = MAXCOMPILERSIM_HOST_DRIVEN                                [Init: NONE, change: MAXCOMPILERSIM_HOST_DRIVEN]
Tue 23:37: INFO    : 	KernelConfiguration.cePipelining = 2                                                        [Init: 2]
Tue 23:37: INFO    : 	KernelConfiguration.checkPartialConnections = true                                          [Init: true]
Tue 23:37: INFO    : 	KernelConfiguration.clockPhaseBalanceThreshold = 0.1                                        [Init: 0.1]
Tue 23:37: INFO    : 	KernelConfiguration.clockPhasingRetries = 50                                                [Init: 50]
Tue 23:37: INFO    : 	KernelConfiguration.constantMultiplicationWithShiftAddThreshold = 3                         [Init: 3]
Tue 23:37: INFO    : 	KernelConfiguration.criticalPathsOnly = false                                               [Init: false]
Tue 23:37: INFO    : 	KernelConfiguration.dumpNeighboursString =                                                  [Init: ]
Tue 23:37: INFO    : 	KernelConfiguration.enableCeReplication = true                                              [Init: true]
Tue 23:37: INFO    : 	KernelConfiguration.enableDebugIOControlRegs = true                                         [Init: true]
Tue 23:37: INFO    : 	KernelConfiguration.enableDummyBuild = false                                                [Init: false]
Tue 23:37: INFO    : 	KernelConfiguration.enablePipelinedComputeController = false                                [Init: false]
Tue 23:37: INFO    : 	KernelConfiguration.enableShadowRegister = false                                            [Init: false]
Tue 23:37: INFO    : 	KernelConfiguration.enableSmartKernelControl = false                                        [Init: false]
Tue 23:37: INFO    : 	KernelConfiguration.enableStatesReportingPasses = true                                      [Init: true]
Tue 23:37: INFO    : 	KernelConfiguration.fifoSrlRegisterStages = 1                                               [Init: 1]
Tue 23:37: INFO    : 	KernelConfiguration.flushOnInputDataCongtiguous = false                                     [Init: false]
Tue 23:37: INFO    : 	KernelConfiguration.hardwareDebugDepth = 512                                                [Init: 512]
Tue 23:37: INFO    : 	KernelConfiguration.hwHierarchyMode = UNSET                                                 [Init: UNSET]
Tue 23:37: INFO    : 	KernelConfiguration.latencyAnnotation = false                                               [Init: false]
Tue 23:37: INFO    : 	KernelConfiguration.latencyAnnotationAll = true                                             [Init: true]
Tue 23:37: INFO    : 	KernelConfiguration.latencyAnnotationIOs =                                                  [Init: null]
Tue 23:37: INFO    : 	KernelConfiguration.maxCoalescedFifoWidth = 2147483647                                      [Init: 2147483647]
Tue 23:37: INFO    : 	KernelConfiguration.maxPreAdderFanOut = 1                                                   [Init: 1]
Tue 23:37: INFO    : 	KernelConfiguration.netlistMode = false                                                     [Init: false]
Tue 23:37: INFO    : 	KernelConfiguration.numPhotonStateMachines = 1                                              [Init: 1]
Tue 23:37: INFO    : 	KernelConfiguration.optimizations.ceCounterRegisterDuplication = 1                          [Init: 1]
Tue 23:37: INFO    : 	KernelConfiguration.optimizations.conditionalArithmetic = true                              [Init: true]
Tue 23:37: INFO    : 	KernelConfiguration.optimizations.counterChainWrapPipelining = 0                            [Init: 0]
Tue 23:37: INFO    : 	KernelConfiguration.optimizations.dspAddChain = OPTIMISE                                    [Init: null, change: OPTIMISE]
Tue 23:37: INFO    : 	KernelConfiguration.optimizations.enableActiveFanoutReduction = false                       [Init: false]
Tue 23:37: INFO    : 	KernelConfiguration.optimizations.enableBUFGCE = false                                      [Init: false]
Tue 23:37: INFO    : 	KernelConfiguration.optimizations.enableBetterInputRegistering = false                      [Init: false]
Tue 23:37: INFO    : 	KernelConfiguration.optimizations.enableBetterRegistering = false                           [Init: false]
Tue 23:37: INFO    : 	KernelConfiguration.optimizations.enableFIFOCoalescingAcrossPlacementConstraints = false    [Init: false]
Tue 23:37: INFO    : 	KernelConfiguration.optimizations.enableFifoCoalescing = true                               [Init: true]
Tue 23:37: INFO    : 	KernelConfiguration.optimizations.enableIntegratedRounding = false                          [Init: false]
Tue 23:37: INFO    : 	KernelConfiguration.optimizations.enableMappedMemoryHostReadBack = true                     [Init: true]
Tue 23:37: INFO    : 	KernelConfiguration.optimizations.enableMultiCycleReset = false                             [Init: false]
Tue 23:37: INFO    : 	KernelConfiguration.optimizations.enablePowerTwoFloatMult = true                            [Init: true]
Tue 23:37: INFO    : 	KernelConfiguration.optimizations.enableRedundantNodeDeletion = true                        [Init: true]
Tue 23:37: INFO    : 	KernelConfiguration.optimizations.enableStateMachineRegisterMerging = true                  [Init: true]
Tue 23:37: INFO    : 	KernelConfiguration.optimizations.inlining = true                                           [Init: false, change: true]
Tue 23:37: INFO    : 	KernelConfiguration.optimizations.inputFlushDistanceFactor = 0                              [Init: 0]
Tue 23:37: INFO    : 	KernelConfiguration.optimizations.minimumStaticFIFOSplitDepth = 1                           [Init: 1]
Tue 23:37: INFO    : 	KernelConfiguration.optimizations.optimizationTechnique = DEFAULT                           [Init: DEFAULT]
Tue 23:37: INFO    : 	KernelConfiguration.optimizations.preserveNodeRegisters = true                              [Init: true]
Tue 23:37: INFO    : 	KernelConfiguration.optimizations.triAdd = true                                             [Init: true]
Tue 23:37: INFO    : 	KernelConfiguration.partialReconfBlockName =                                                [Init: ]
Tue 23:37: INFO    : 	KernelConfiguration.partialReconfMode = false                                               [Init: false]
Tue 23:37: INFO    : 	KernelConfiguration.partialReconfTemplate = false                                           [Init: false]
Tue 23:37: INFO    : 	KernelConfiguration.replicateNodeCeLog2NumPartitions = 0                                    [Init: 0]
Tue 23:37: INFO    : 	KernelConfiguration.romBRAMBitsThreshold = 2080                                             [Init: 2080]
Tue 23:37: INFO    : 	KernelConfiguration.simulation.ramAddressCollisionBehaviour = EXCEPTION                     [Init: EXCEPTION]
Tue 23:37: INFO    : 	KernelConfiguration.simulation.ramOutOfBoundsAccessBehaviour = EXCEPTION                    [Init: EXCEPTION]
Tue 23:37: INFO    : 	KernelConfiguration.simulation.simProgressMessageFrequency = 0                              [Init: 0]
Tue 23:37: INFO    : 	KernelConfiguration.useAsapScheduler = false                                                [Init: false]
Tue 23:37: INFO    : 
Tue 23:37: INFO    :  -- 
Tue 23:37: INFO    : Deleting directory: neighbours
Tue 23:37: INFO    : Writing current graph to: MCSS-rngKernel-original.pxg
Tue 23:37: INFO    : Dumping graph 'original' with DotDumper.
Tue 23:37: INFO    : Deleting /mnt/ccnas2/tdp/dc3117/max/mcss/MCSS/builds/sim/MCSS_MAX5C_DFE_SIM/scratch/rngKernel.graphs
Tue 23:37: INFO    : Dumping graph 'original' with DotDumper took 11.1817 ms
Tue 23:37: INFO    : Running Photon pre-schedule graph optimisations
Tue 23:37: INFO    : Running kernel graph-pass 'MarkConstantPass'.
Tue 23:37: INFO    : Graph-pass 'MarkConstantPass' took 940.458 µs (1 iterations)
Tue 23:37: INFO    : Running kernel graph-pass 'AlignOrEradicatePrintfs'.
Tue 23:37: INFO    : Erradicated 0 printf nodes
Tue 23:37: INFO    : Graph-pass 'AlignOrEradicatePrintfs' took 203.282 µs (1 iterations)
Tue 23:37: INFO    : Running kernel graph-pass 'FoldConstantsPass'.
Tue 23:37: INFO    : Folded 114 nodes.
Tue 23:37: INFO    : Graph-pass 'FoldConstantsPass' took 800.202 µs (1 iterations)
Tue 23:37: INFO    : Running kernel graph-pass 'DeleteRedundantNodes'.
Tue 23:37: INFO    : Graph-pass 'DeleteRedundantNodes' took 166.711 µs (1 iterations)
Tue 23:37: INFO    : Running kernel graph-pass 'CollectNumericExceptions'.
Tue 23:37: INFO    : Graph-pass 'CollectNumericExceptions' took 72.4890 µs (1 iterations)
Tue 23:37: INFO    : Running Photon simulation preparation
Tue 23:37: INFO    : Running kernel graph-pass 'PrepareSimulationPass'.
Tue 23:37: INFO    : Graph-pass 'PrepareSimulationPass' took 69.9570 µs (1 iterations)
Tue 23:37: INFO    : Running kernel graph-pass 'OptimiseNodesPass'.
Tue 23:37: INFO    : Graph-pass 'OptimiseNodesPass' took 10.0946 ms (3 iterations)
Tue 23:37: INFO    : Running kernel graph-pass 'StreamOffsetDivExpand'.
Tue 23:37: INFO    : Graph-pass 'StreamOffsetDivExpand' took 106.706 µs (1 iterations)
Tue 23:37: INFO    : Running kernel graph-pass 'RemoveUntypedConstants'.
Tue 23:37: INFO    : Removed 22 untyped constants.
Tue 23:37: INFO    : Graph-pass 'RemoveUntypedConstants' took 4.10531 ms (1 iterations)
Tue 23:37: INFO    : Running kernel graph-pass 'PO2FPMultOptimiser'.
Tue 23:37: INFO    : Graph-pass 'PO2FPMultOptimiser' took 2.23872 ms (2 iterations)
Tue 23:37: INFO    : Dumping graph 'pre_dsp_extraction' with DotDumper.
Tue 23:37: INFO    : Dumping graph 'pre_dsp_extraction' with DotDumper took 3.78546 ms
Tue 23:37: INFO    : Running kernel graph-pass 'DspMultiplyAddExtractionPass'.
Tue 23:37: INFO    : Optimized 0 sub-graphs into DSP multiply/add chains (Ultrascale mode).
Tue 23:37: INFO    : Graph-pass 'DspMultiplyAddExtractionPass' took 6.38266 ms (1 iterations)
Tue 23:37: INFO    : Dumping graph 'post_dsp_extraction' with DotDumper.
Tue 23:37: INFO    : Dumping graph 'post_dsp_extraction' with DotDumper took 3.87855 ms
Tue 23:37: INFO    : Running kernel graph-pass 'TriArithInsertionPass'.
Tue 23:37: INFO    : MultiAdd inserter didn't add any nodes.
Tue 23:37: INFO    : Graph-pass 'TriArithInsertionPass' took 71.7040 µs (1 iterations)
Tue 23:37: INFO    : Dumping graph 'post_tri_add_extraction' with DotDumper.
Tue 23:37: INFO    : Dumping graph 'post_tri_add_extraction' with DotDumper took 4.87187 ms
Tue 23:37: INFO    : Dumping graph 'pre_condadd_extraction' with DotDumper.
Tue 23:37: INFO    : Dumping graph 'pre_condadd_extraction' with DotDumper took 2.98391 ms
Tue 23:37: INFO    : Running kernel graph-pass 'ConditionalAddExtractionPass'.
Tue 23:37: INFO    : Optimized 0 sub-graphs into conditional adds/subs/triadds.
Tue 23:37: INFO    : Graph-pass 'ConditionalAddExtractionPass' took 171.388 µs (1 iterations)
Tue 23:37: INFO    : Running kernel graph-pass 'ConditionalPosNegExtractionPass'.
Tue 23:37: INFO    : Graph-pass 'ConditionalPosNegExtractionPass' took 63.5550 µs (1 iterations)
Tue 23:37: INFO    : Running kernel graph-pass 'RemoveUntypedConstants'.
Tue 23:37: INFO    : Removed 0 untyped constants.
Tue 23:37: INFO    : Graph-pass 'RemoveUntypedConstants' took 135.610 µs (1 iterations)
Tue 23:37: INFO    : Running kernel graph-pass 'GraphLevelPipelining'.
Tue 23:37: INFO    : Inserted 0 pipelining registers.
Tue 23:37: INFO    : Graph-pass 'GraphLevelPipelining' took 259.660 µs (1 iterations)
Tue 23:37: INFO    : Running kernel graph-pass 'LimitFanoutPass'.
Tue 23:37: INFO    : Graph-pass 'LimitFanoutPass' took 117.637 µs (1 iterations)
Tue 23:37: INFO    : Dumping graph 'optimised' with DotDumper.
Tue 23:37: INFO    : Dumping graph 'optimised' with DotDumper took 3.32526 ms
Tue 23:37: INFO    : Logging Photon stats to: rngKernel_photon_stats.csv
Tue 23:37: INFO    : Deleting /mnt/ccnas2/tdp/dc3117/max/mcss/MCSS/builds/sim/MCSS_MAX5C_DFE_SIM/scratch/rngKernel_photon_stats.csv
Tue 23:37: INFO    : Running kernel graph-pass 'StatsPass'.
Tue 23:37: INFO    : Graph-pass 'StatsPass' took 1.35212 ms (1 iterations)
Tue 23:37: INFO    : Running kernel graph-pass 'ReachabilityPass'.
Tue 23:37: INFO    : Graph-pass 'ReachabilityPass' took 150.926 µs (1 iterations)
Tue 23:37: INFO    : Running kernel graph-pass 'ReachabilityPass'.
Tue 23:37: INFO    : Graph-pass 'ReachabilityPass' took 66.5060 µs (1 iterations)
Tue 23:37: INFO    : Running kernel graph-pass 'FindInputsLeadingToFlush'.
Tue 23:37: INFO    : Graph-pass 'FindInputsLeadingToFlush' took 38.4480 µs (1 iterations)
Tue 23:37: INFO    : Running kernel graph-pass 'CheckForStatefulToFlushViolations'.
Tue 23:37: INFO    : Graph-pass 'CheckForStatefulToFlushViolations' took 241.249 µs (1 iterations)
Tue 23:37: INFO    : Running kernel graph-pass 'CheckForInputToFlushViolations'.
Tue 23:37: INFO    : Graph-pass 'CheckForInputToFlushViolations' took 507.422 µs (1 iterations)
Tue 23:37: INFO    : Running kernel graph-pass 'FindIllegalLoops'.
Tue 23:37: INFO    : Finding illegal loops for 9 loops.
Tue 23:37: INFO    : Graph-pass 'FindIllegalLoops' took 2.10171 ms (1 iterations)
Tue 23:37: INFO    : Running kernel graph-pass 'AddNodeSchedulingConstraints'.
Tue 23:37: INFO    : Graph-pass 'AddNodeSchedulingConstraints' took 47.1430 µs (1 iterations)
Tue 23:37: INFO    : Running kernel graph-pass 'MarkConstantPass'.
Tue 23:37: INFO    : Graph-pass 'MarkConstantPass' took 95.3340 µs (1 iterations)
Tue 23:37: INFO    : Running kernel graph-pass 'ScheduleVariables'.
Tue 23:37: INFO    : Graph-pass 'ScheduleVariables' took 1.64117 ms (1 iterations)
Tue 23:37: INFO    : Running kernel graph-pass 'SubstituteEqPlaceholders'.
Tue 23:37: INFO    : Graph-pass 'SubstituteEqPlaceholders' took 58.7900 µs (1 iterations)
Tue 23:37: INFO    : Running kernel graph-pass 'MarkConstantPass'.
Tue 23:37: INFO    : Graph-pass 'MarkConstantPass' took 94.5340 µs (1 iterations)
Tue 23:37: INFO    : Running kernel graph-pass 'ScheduleApplier'.
Tue 23:37: INFO    : Graph-pass 'ScheduleApplier' took 753.507 µs (1 iterations)
Tue 23:37: INFO    : Running kernel graph-pass 'ScheduleDumper'.
Tue 23:37: INFO    : Graph-pass 'ScheduleDumper' took 1.15023 ms (1 iterations)
Tue 23:37: INFO    : Running Photon post-schedule graph optimisations (pass 1)
Tue 23:37: INFO    : Running kernel graph-pass 'TapFIFOsPass'.
Tue 23:37: INFO    : Tapped 0 FIFOs.
Tue 23:37: INFO    : Graph-pass 'TapFIFOsPass' took 301.749 µs (1 iterations)
Tue 23:37: INFO    : Running kernel graph-pass 'FoldFIFOsPass'.
Tue 23:37: INFO    : Folded 0 FIFOs.
Tue 23:37: INFO    : Graph-pass 'FoldFIFOsPass' took 109.085 µs (1 iterations)
Tue 23:37: INFO    : Dumping graph 'tapnfold_1' with DotDumper.
Tue 23:37: INFO    : Dumping graph 'tapnfold_1' with DotDumper took 3.14778 ms
Tue 23:37: INFO    : Running kernel graph-pass 'OptimiseVariableFIFOs'.
Tue 23:37: INFO    : Graph-pass 'OptimiseVariableFIFOs' took 44.2220 µs (1 iterations)
Tue 23:37: INFO    : Dumping graph 'validated_fifos' with DotDumper.
Tue 23:37: INFO    : Dumping graph 'validated_fifos' with DotDumper took 3.09965 ms
Tue 23:37: INFO    : Running kernel graph-pass 'ScheduleDumper'.
Tue 23:37: INFO    : Graph-pass 'ScheduleDumper' took 726.302 µs (1 iterations)
Tue 23:37: INFO    : Running kernel graph-pass 'ScheduleConstants'.
Tue 23:37: INFO    : Running command: "/vol/cc/opt/maxeler/maxcompiler-2020.2/bin/cbc" "rngKernel_schedule_C.mps.gz" -threads 72 -solve  -printi csv -solu "rngKernel_schedule_C.csv" > "rngKernel_schedule_C.stdout.log"
Tue 23:37: INFO    : Checking for file hash changes...
Tue 23:37: INFO    : Hash changed for file: 'rngKernel_schedule_C.mps.gz'
Tue 23:37: INFO    : Optimum found: 59718
Tue 23:37: INFO    : Graph-pass 'ScheduleConstants' took 114.075 ms (1 iterations)
Tue 23:37: INFO    : Running kernel graph-pass 'ScheduleDumper'.
Tue 23:37: INFO    : Graph-pass 'ScheduleDumper' took 1.56175 ms (1 iterations)
Tue 23:37: INFO    : Running kernel graph-pass 'SubstituteEqPlaceholders'.
Tue 23:37: INFO    : Graph-pass 'SubstituteEqPlaceholders' took 111.509 µs (1 iterations)
Tue 23:37: INFO    : Running kernel graph-pass 'MarkConstantPass'.
Tue 23:37: INFO    : Graph-pass 'MarkConstantPass' took 179.020 µs (1 iterations)
Tue 23:37: INFO    : Running kernel graph-pass 'RemoveDistMeasurementNodes'.
Tue 23:37: INFO    : Graph-pass 'RemoveDistMeasurementNodes' took 23.3920 µs (1 iterations)
Tue 23:37: INFO    : Running kernel graph-pass 'ScheduleApplier'.
Tue 23:37: INFO    : Graph-pass 'ScheduleApplier' took 7.36564 ms (1 iterations)
Tue 23:37: INFO    : Maximum stream latency for kernel 'rngKernel': 402
Tue 23:37: INFO    : Using user logic for flush.
Tue 23:37: INFO    : Running Photon post-schedule graph optimisations (pass 2)
Tue 23:37: INFO    : Running kernel graph-pass 'TapFIFOsPass'.
Tue 23:37: INFO    : Tapped 3 FIFOs.
Tue 23:37: INFO    : Tapped 3 FIFOs.
Tue 23:37: INFO    : Graph-pass 'TapFIFOsPass' took 3.71933 ms (2 iterations)
Tue 23:37: INFO    : Running kernel graph-pass 'FoldFIFOsPass'.
Tue 23:37: INFO    : Folded 0 FIFOs.
Tue 23:37: INFO    : Graph-pass 'FoldFIFOsPass' took 365.544 µs (1 iterations)
Tue 23:37: INFO    : Dumping graph 'tapnfold_2' with DotDumper.
Tue 23:37: INFO    : Dumping graph 'tapnfold_2' with DotDumper took 4.95164 ms
Tue 23:37: INFO    : Running kernel graph-pass 'ScheduleAsserter'.
Tue 23:37: INFO    : Graph-pass 'ScheduleAsserter' took 350.192 µs (1 iterations)
Tue 23:37: INFO    : Running kernel graph-pass 'ReplaceEvalStreamOffsetNodes'.
Tue 23:37: INFO    : Graph-pass 'ReplaceEvalStreamOffsetNodes' took 61.4140 µs (1 iterations)
Tue 23:37: INFO    : Running kernel graph-pass 'MoveFanoutRegsForwards'.
Tue 23:37: INFO    : Graph-pass 'MoveFanoutRegsForwards' took 64.0910 µs (1 iterations)
Tue 23:37: INFO    : Running kernel graph-pass 'FIFOReport'.
Tue 23:37: INFO    : Graph-pass 'FIFOReport' took 2.37281 ms (1 iterations)
Tue 23:37: INFO    : Running kernel graph-pass 'StatsPass'.
Tue 23:37: INFO    : Graph-pass 'StatsPass' took 1.48251 ms (1 iterations)
Tue 23:37: INFO    : Running kernel graph-pass 'RemoveUntypedConstants'.
Tue 23:37: INFO    : Removed 0 untyped constants.
Tue 23:37: INFO    : Graph-pass 'RemoveUntypedConstants' took 186.292 µs (1 iterations)
Tue 23:37: INFO    : Running kernel graph-pass 'VariableSizeMappedRegInserter'.
Tue 23:37: INFO    : Graph-pass 'VariableSizeMappedRegInserter' took 67.2270 µs (1 iterations)
Tue 23:37: INFO    : Running kernel graph-pass 'MakeMaxFileNodeData'.
Tue 23:37: INFO    : Graph-pass 'MakeMaxFileNodeData' took 12.4671 ms (1 iterations)
Tue 23:37: INFO    : Dumping graph 'final' with DotDumper.
Tue 23:37: INFO    : Dumping graph 'final' with DotDumper took 3.28086 ms
Tue 23:37: INFO    : Running kernel graph-pass 'FIFOReportDotDump'.
Tue 23:37: INFO    : Graph-pass 'FIFOReportDotDump' took 4.25810 ms (1 iterations)
Tue 23:37: INFO    : Running kernel graph-pass 'FIFOReportDotDump'.
Tue 23:37: INFO    : Graph-pass 'FIFOReportDotDump' took 3.04372 ms (1 iterations)
Tue 23:37: INFO    : Running kernel graph-pass 'StallScopeDump'.
Tue 23:37: INFO    : Graph-pass 'StallScopeDump' took 1.66808 ms (1 iterations)
Tue 23:37: INFO    : Optimization report for Kernel 'rngKernel'.
Tue 23:37: INFO    : Enabled optimizations:
Tue 23:37: INFO    : 	Power-of-2 Floating Point
Tue 23:37: INFO    : 	DSP Multiply-Add Extraction
Tue 23:37: INFO    : 	Tri-Adder
Tue 23:37: INFO    : 	Conditional (Tri)Adds/Subs/AddSubs
Tue 23:37: INFO    : Total compilation of 'rngKernel' took 321.103 ms.
Tue 23:37: PROGRESS: 
Tue 23:37: PROGRESS: Instantiating kernel "loopKernel"
Tue 23:37: INFO    : Instantiating CubicSpline interpolator
Tue 23:37: INFO    : Using 3072 bytes of memory
Tue 23:37: INFO    : Error tolerated 2.384185791015625E-7
Tue 23:37: INFO    : FixLog using a table of size 1024 bytes
Tue 23:37: INFO    : Instantiating CubicSpline interpolator
Tue 23:37: INFO    : Using 4096 bytes of memory
Tue 23:37: INFO    : Error tolerated 1.1920928955078125E-7
Tue 23:37: INFO    : Instantiating CubicSpline interpolator
Tue 23:37: INFO    : Using 4096 bytes of memory
Tue 23:37: INFO    : Error tolerated 1.1920928955078125E-7
Tue 23:37: PROGRESS: Compiling kernel "loopKernel"
Tue 23:37: INFO    : Configuration:
Tue 23:37: INFO    : 	KernelConfiguration.additionalInputPipelining = 64                                          [Init: 64]
Tue 23:37: INFO    : 	KernelConfiguration.allowDSPCascading = true                                                [Init: true]
Tue 23:37: INFO    : 	KernelConfiguration.allowInputsOutputsBeforeFlushNode = false                               [Init: false]
Tue 23:37: INFO    : 	KernelConfiguration.allowZeroLatencyNodeHold = false                                        [Init: false]
Tue 23:37: INFO    : 	KernelConfiguration.bramBitsThreshold = 2080                                                [Init: 2080]
Tue 23:37: INFO    : 	KernelConfiguration.buildTarget = MAXCOMPILERSIM_HOST_DRIVEN                                [Init: NONE, change: MAXCOMPILERSIM_HOST_DRIVEN]
Tue 23:37: INFO    : 	KernelConfiguration.cePipelining = 2                                                        [Init: 2]
Tue 23:37: INFO    : 	KernelConfiguration.checkPartialConnections = true                                          [Init: true]
Tue 23:37: INFO    : 	KernelConfiguration.clockPhaseBalanceThreshold = 0.1                                        [Init: 0.1]
Tue 23:37: INFO    : 	KernelConfiguration.clockPhasingRetries = 50                                                [Init: 50]
Tue 23:37: INFO    : 	KernelConfiguration.constantMultiplicationWithShiftAddThreshold = 3                         [Init: 3]
Tue 23:37: INFO    : 	KernelConfiguration.criticalPathsOnly = false                                               [Init: false]
Tue 23:37: INFO    : 	KernelConfiguration.dumpNeighboursString =                                                  [Init: ]
Tue 23:37: INFO    : 	KernelConfiguration.enableCeReplication = true                                              [Init: true]
Tue 23:37: INFO    : 	KernelConfiguration.enableDebugIOControlRegs = true                                         [Init: true]
Tue 23:37: INFO    : 	KernelConfiguration.enableDummyBuild = false                                                [Init: false]
Tue 23:37: INFO    : 	KernelConfiguration.enablePipelinedComputeController = false                                [Init: false]
Tue 23:37: INFO    : 	KernelConfiguration.enableShadowRegister = false                                            [Init: false]
Tue 23:37: INFO    : 	KernelConfiguration.enableSmartKernelControl = false                                        [Init: false]
Tue 23:37: INFO    : 	KernelConfiguration.enableStatesReportingPasses = true                                      [Init: true]
Tue 23:37: INFO    : 	KernelConfiguration.fifoSrlRegisterStages = 1                                               [Init: 1]
Tue 23:37: INFO    : 	KernelConfiguration.flushOnInputDataCongtiguous = false                                     [Init: false]
Tue 23:37: INFO    : 	KernelConfiguration.hardwareDebugDepth = 512                                                [Init: 512]
Tue 23:37: INFO    : 	KernelConfiguration.hwHierarchyMode = UNSET                                                 [Init: UNSET]
Tue 23:37: INFO    : 	KernelConfiguration.latencyAnnotation = false                                               [Init: false]
Tue 23:37: INFO    : 	KernelConfiguration.latencyAnnotationAll = true                                             [Init: true]
Tue 23:37: INFO    : 	KernelConfiguration.latencyAnnotationIOs =                                                  [Init: null]
Tue 23:37: INFO    : 	KernelConfiguration.maxCoalescedFifoWidth = 2147483647                                      [Init: 2147483647]
Tue 23:37: INFO    : 	KernelConfiguration.maxPreAdderFanOut = 1                                                   [Init: 1]
Tue 23:37: INFO    : 	KernelConfiguration.netlistMode = false                                                     [Init: false]
Tue 23:37: INFO    : 	KernelConfiguration.numPhotonStateMachines = 1                                              [Init: 1]
Tue 23:37: INFO    : 	KernelConfiguration.optimizations.ceCounterRegisterDuplication = 1                          [Init: 1]
Tue 23:37: INFO    : 	KernelConfiguration.optimizations.conditionalArithmetic = true                              [Init: true]
Tue 23:37: INFO    : 	KernelConfiguration.optimizations.counterChainWrapPipelining = 0                            [Init: 0]
Tue 23:37: INFO    : 	KernelConfiguration.optimizations.dspAddChain = OPTIMISE                                    [Init: null, change: OPTIMISE]
Tue 23:37: INFO    : 	KernelConfiguration.optimizations.enableActiveFanoutReduction = false                       [Init: false]
Tue 23:37: INFO    : 	KernelConfiguration.optimizations.enableBUFGCE = false                                      [Init: false]
Tue 23:37: INFO    : 	KernelConfiguration.optimizations.enableBetterInputRegistering = false                      [Init: false]
Tue 23:37: INFO    : 	KernelConfiguration.optimizations.enableBetterRegistering = false                           [Init: false]
Tue 23:37: INFO    : 	KernelConfiguration.optimizations.enableFIFOCoalescingAcrossPlacementConstraints = false    [Init: false]
Tue 23:37: INFO    : 	KernelConfiguration.optimizations.enableFifoCoalescing = true                               [Init: true]
Tue 23:37: INFO    : 	KernelConfiguration.optimizations.enableIntegratedRounding = false                          [Init: false]
Tue 23:37: INFO    : 	KernelConfiguration.optimizations.enableMappedMemoryHostReadBack = true                     [Init: true]
Tue 23:37: INFO    : 	KernelConfiguration.optimizations.enableMultiCycleReset = false                             [Init: false]
Tue 23:37: INFO    : 	KernelConfiguration.optimizations.enablePowerTwoFloatMult = true                            [Init: true]
Tue 23:37: INFO    : 	KernelConfiguration.optimizations.enableRedundantNodeDeletion = true                        [Init: true]
Tue 23:37: INFO    : 	KernelConfiguration.optimizations.enableStateMachineRegisterMerging = true                  [Init: true]
Tue 23:37: INFO    : 	KernelConfiguration.optimizations.inlining = true                                           [Init: false, change: true]
Tue 23:37: INFO    : 	KernelConfiguration.optimizations.inputFlushDistanceFactor = 0                              [Init: 0]
Tue 23:37: INFO    : 	KernelConfiguration.optimizations.minimumStaticFIFOSplitDepth = 1                           [Init: 1]
Tue 23:37: INFO    : 	KernelConfiguration.optimizations.optimizationTechnique = DEFAULT                           [Init: DEFAULT]
Tue 23:37: INFO    : 	KernelConfiguration.optimizations.preserveNodeRegisters = true                              [Init: true]
Tue 23:37: INFO    : 	KernelConfiguration.optimizations.triAdd = true                                             [Init: true]
Tue 23:37: INFO    : 	KernelConfiguration.partialReconfBlockName =                                                [Init: ]
Tue 23:37: INFO    : 	KernelConfiguration.partialReconfMode = false                                               [Init: false]
Tue 23:37: INFO    : 	KernelConfiguration.partialReconfTemplate = false                                           [Init: false]
Tue 23:37: INFO    : 	KernelConfiguration.replicateNodeCeLog2NumPartitions = 0                                    [Init: 0]
Tue 23:37: INFO    : 	KernelConfiguration.romBRAMBitsThreshold = 2080                                             [Init: 2080]
Tue 23:37: INFO    : 	KernelConfiguration.simulation.ramAddressCollisionBehaviour = EXCEPTION                     [Init: EXCEPTION]
Tue 23:37: INFO    : 	KernelConfiguration.simulation.ramOutOfBoundsAccessBehaviour = EXCEPTION                    [Init: EXCEPTION]
Tue 23:37: INFO    : 	KernelConfiguration.simulation.simProgressMessageFrequency = 0                              [Init: 0]
Tue 23:37: INFO    : 	KernelConfiguration.useAsapScheduler = false                                                [Init: false]
Tue 23:37: INFO    : 
Tue 23:37: INFO    :  -- 
Tue 23:37: INFO    : Deleting directory: neighbours
Tue 23:37: INFO    : Writing current graph to: MCSS-loopKernel-original.pxg
Tue 23:37: INFO    : Dumping graph 'original' with DotDumper.
Tue 23:37: INFO    : Deleting /mnt/ccnas2/tdp/dc3117/max/mcss/MCSS/builds/sim/MCSS_MAX5C_DFE_SIM/scratch/loopKernel.graphs
Tue 23:37: INFO    : Dumping graph 'original' with DotDumper took 18.0941 ms
Tue 23:37: INFO    : Running Photon pre-schedule graph optimisations
Tue 23:37: INFO    : Running kernel graph-pass 'MarkConstantPass'.
Tue 23:37: INFO    : Graph-pass 'MarkConstantPass' took 913.674 µs (1 iterations)
Tue 23:37: INFO    : Running kernel graph-pass 'AlignOrEradicatePrintfs'.
Tue 23:37: INFO    : Erradicated 0 printf nodes
Tue 23:37: INFO    : Graph-pass 'AlignOrEradicatePrintfs' took 575.201 µs (1 iterations)
Tue 23:37: INFO    : Running kernel graph-pass 'FoldConstantsPass'.
Tue 23:37: INFO    : Folded 669 nodes.
Tue 23:37: INFO    : Folded 1336 nodes.
Tue 23:37: INFO    : Graph-pass 'FoldConstantsPass' took 13.9887 ms (2 iterations)
Tue 23:37: INFO    : Running kernel graph-pass 'DeleteRedundantNodes'.
Tue 23:37: INFO    : Graph-pass 'DeleteRedundantNodes' took 510.335 µs (1 iterations)
Tue 23:37: INFO    : Running kernel graph-pass 'CollectNumericExceptions'.
Tue 23:37: INFO    : Graph-pass 'CollectNumericExceptions' took 524.532 µs (1 iterations)
Tue 23:37: INFO    : Running Photon simulation preparation
Tue 23:37: INFO    : Running kernel graph-pass 'PrepareSimulationPass'.
Tue 23:37: INFO    : Graph-pass 'PrepareSimulationPass' took 501.661 µs (1 iterations)
Tue 23:37: INFO    : Running kernel graph-pass 'OptimiseNodesPass'.
Tue 23:37: INFO    : Graph-pass 'OptimiseNodesPass' took 39.6903 ms (3 iterations)
Tue 23:37: INFO    : Running kernel graph-pass 'StreamOffsetDivExpand'.
Tue 23:37: INFO    : Graph-pass 'StreamOffsetDivExpand' took 152.030 µs (1 iterations)
Tue 23:37: INFO    : Running kernel graph-pass 'RemoveUntypedConstants'.
Tue 23:37: INFO    : Removed 192 untyped constants.
Tue 23:37: INFO    : Graph-pass 'RemoveUntypedConstants' took 16.6107 ms (1 iterations)
Tue 23:37: INFO    : Running kernel graph-pass 'PO2FPMultOptimiser'.
Tue 23:37: INFO    : Graph-pass 'PO2FPMultOptimiser' took 8.94575 ms (2 iterations)
Tue 23:37: INFO    : Dumping graph 'pre_dsp_extraction' with DotDumper.
Tue 23:37: INFO    : Dumping graph 'pre_dsp_extraction' with DotDumper took 14.3515 ms
Tue 23:37: INFO    : Running kernel graph-pass 'DspMultiplyAddExtractionPass'.
Tue 23:37: INFO    : Optimized 0 sub-graphs into DSP multiply/add chains (Ultrascale mode).
Tue 23:37: INFO    : Graph-pass 'DspMultiplyAddExtractionPass' took 35.1485 ms (1 iterations)
Tue 23:37: INFO    : Dumping graph 'post_dsp_extraction' with DotDumper.
Tue 23:37: INFO    : Dumping graph 'post_dsp_extraction' with DotDumper took 17.0786 ms
Tue 23:37: INFO    : Running kernel graph-pass 'TriArithInsertionPass'.
Tue 23:37: INFO    : Inserted 10 tri arithmetic nodes
Tue 23:37: INFO    : Graph-pass 'TriArithInsertionPass' took 18.6526 ms (1 iterations)
Tue 23:37: INFO    : Dumping graph 'post_tri_add_extraction' with DotDumper.
Tue 23:37: INFO    : Dumping graph 'post_tri_add_extraction' with DotDumper took 16.8543 ms
Tue 23:37: INFO    : Dumping graph 'pre_condadd_extraction' with DotDumper.
Tue 23:37: INFO    : Dumping graph 'pre_condadd_extraction' with DotDumper took 12.0310 ms
Tue 23:37: INFO    : Running kernel graph-pass 'ConditionalAddExtractionPass'.
Tue 23:37: INFO    : Optimized 0 sub-graphs into conditional adds/subs/triadds.
Tue 23:37: INFO    : Graph-pass 'ConditionalAddExtractionPass' took 1.15277 ms (1 iterations)
Tue 23:37: INFO    : Running kernel graph-pass 'ConditionalPosNegExtractionPass'.
Tue 23:37: INFO    : Graph-pass 'ConditionalPosNegExtractionPass' took 9.15892 ms (1 iterations)
Tue 23:37: INFO    : Running kernel graph-pass 'RemoveUntypedConstants'.
Tue 23:37: INFO    : Removed 8 untyped constants.
Tue 23:37: INFO    : Graph-pass 'RemoveUntypedConstants' took 6.63511 ms (1 iterations)
Tue 23:37: INFO    : Running kernel graph-pass 'GraphLevelPipelining'.
Tue 23:37: INFO    : Inserted 0 pipelining registers.
Tue 23:37: INFO    : Graph-pass 'GraphLevelPipelining' took 1.62341 ms (1 iterations)
Tue 23:37: INFO    : Running kernel graph-pass 'LimitFanoutPass'.
Tue 23:37: INFO    : Graph-pass 'LimitFanoutPass' took 723.649 µs (1 iterations)
Tue 23:37: INFO    : Dumping graph 'optimised' with DotDumper.
Tue 23:37: INFO    : Dumping graph 'optimised' with DotDumper took 13.2111 ms
Tue 23:37: INFO    : Logging Photon stats to: loopKernel_photon_stats.csv
Tue 23:37: INFO    : Deleting /mnt/ccnas2/tdp/dc3117/max/mcss/MCSS/builds/sim/MCSS_MAX5C_DFE_SIM/scratch/loopKernel_photon_stats.csv
Tue 23:37: INFO    : Running kernel graph-pass 'StatsPass'.
Tue 23:37: INFO    : Graph-pass 'StatsPass' took 3.13515 ms (1 iterations)
Tue 23:37: INFO    : Running kernel graph-pass 'ReachabilityPass'.
Tue 23:37: INFO    : Graph-pass 'ReachabilityPass' took 314.048 µs (1 iterations)
Tue 23:37: INFO    : Running kernel graph-pass 'ReachabilityPass'.
Tue 23:37: INFO    : Graph-pass 'ReachabilityPass' took 247.375 µs (1 iterations)
Tue 23:37: INFO    : Running kernel graph-pass 'FindInputsLeadingToFlush'.
Tue 23:37: INFO    : Graph-pass 'FindInputsLeadingToFlush' took 109.477 µs (1 iterations)
Tue 23:37: INFO    : Running kernel graph-pass 'CheckForStatefulToFlushViolations'.
Tue 23:37: INFO    : Graph-pass 'CheckForStatefulToFlushViolations' took 109.470 µs (1 iterations)
Tue 23:37: INFO    : Running kernel graph-pass 'CheckForInputToFlushViolations'.
Tue 23:37: INFO    : Graph-pass 'CheckForInputToFlushViolations' took 529.442 µs (1 iterations)
Tue 23:37: INFO    : Running kernel graph-pass 'FindIllegalLoops'.
Tue 23:37: INFO    : Finding illegal loops for 23 loops.
Tue 23:37: INFO    : Graph-pass 'FindIllegalLoops' took 2.87978 ms (1 iterations)
Tue 23:37: INFO    : Running kernel graph-pass 'AddNodeSchedulingConstraints'.
Tue 23:37: INFO    : Graph-pass 'AddNodeSchedulingConstraints' took 348.852 µs (1 iterations)
Tue 23:37: INFO    : Running kernel graph-pass 'MarkConstantPass'.
Tue 23:37: INFO    : Graph-pass 'MarkConstantPass' took 503.088 µs (1 iterations)
Tue 23:37: INFO    : Running kernel graph-pass 'ScheduleVariables'.
Tue 23:37: INFO    : Graph-pass 'ScheduleVariables' took 2.17749 ms (1 iterations)
Tue 23:37: INFO    : Running kernel graph-pass 'SubstituteEqPlaceholders'.
Tue 23:37: INFO    : Graph-pass 'SubstituteEqPlaceholders' took 6.56838 ms (1 iterations)
Tue 23:37: INFO    : Running kernel graph-pass 'MarkConstantPass'.
Tue 23:37: INFO    : Graph-pass 'MarkConstantPass' took 469.510 µs (1 iterations)
Tue 23:37: INFO    : Running kernel graph-pass 'ScheduleApplier'.
Tue 23:37: INFO    : Graph-pass 'ScheduleApplier' took 1.92374 ms (1 iterations)
Tue 23:37: INFO    : Running kernel graph-pass 'ScheduleDumper'.
Tue 23:37: INFO    : Graph-pass 'ScheduleDumper' took 1.51220 ms (1 iterations)
Tue 23:37: INFO    : Running Photon post-schedule graph optimisations (pass 1)
Tue 23:37: INFO    : Running kernel graph-pass 'TapFIFOsPass'.
Tue 23:37: INFO    : Tapped 0 FIFOs.
Tue 23:37: INFO    : Graph-pass 'TapFIFOsPass' took 1.37014 ms (1 iterations)
Tue 23:37: INFO    : Running kernel graph-pass 'FoldFIFOsPass'.
Tue 23:37: INFO    : Folded 0 FIFOs.
Tue 23:37: INFO    : Graph-pass 'FoldFIFOsPass' took 378.611 µs (1 iterations)
Tue 23:37: INFO    : Dumping graph 'tapnfold_1' with DotDumper.
Tue 23:37: INFO    : Dumping graph 'tapnfold_1' with DotDumper took 13.1304 ms
Tue 23:37: INFO    : Running kernel graph-pass 'OptimiseVariableFIFOs'.
Tue 23:37: INFO    : Graph-pass 'OptimiseVariableFIFOs' took 346.078 µs (1 iterations)
Tue 23:37: INFO    : Dumping graph 'validated_fifos' with DotDumper.
Tue 23:37: INFO    : Dumping graph 'validated_fifos' with DotDumper took 12.7281 ms
Tue 23:37: INFO    : Running kernel graph-pass 'ScheduleDumper'.
Tue 23:37: INFO    : Graph-pass 'ScheduleDumper' took 2.32483 ms (1 iterations)
Tue 23:37: INFO    : Running kernel graph-pass 'ScheduleConstants'.
Tue 23:37: INFO    : Running command: "/vol/cc/opt/maxeler/maxcompiler-2020.2/bin/cbc" "loopKernel_schedule_C.mps.gz" -threads 72 -solve  -printi csv -solu "loopKernel_schedule_C.csv" > "loopKernel_schedule_C.stdout.log"
Tue 23:37: INFO    : Checking for file hash changes...
Tue 23:37: INFO    : Hash changed for file: 'loopKernel_schedule_C.mps.gz'
Tue 23:37: INFO    : Optimum found: 41486
Tue 23:37: INFO    : Graph-pass 'ScheduleConstants' took 455.170 ms (1 iterations)
Tue 23:37: INFO    : Running kernel graph-pass 'ScheduleDumper'.
Tue 23:37: INFO    : Graph-pass 'ScheduleDumper' took 2.79189 ms (1 iterations)
Tue 23:37: INFO    : Running kernel graph-pass 'SubstituteEqPlaceholders'.
Tue 23:37: INFO    : OffsetAutoLoop sizes:
Tue 23:37: INFO    :   loopLength = 90
Tue 23:37: INFO    : Graph-pass 'SubstituteEqPlaceholders' took 11.4229 ms (1 iterations)
Tue 23:37: INFO    : Running kernel graph-pass 'MarkConstantPass'.
Tue 23:37: INFO    : Graph-pass 'MarkConstantPass' took 691.288 µs (1 iterations)
Tue 23:37: INFO    : Running kernel graph-pass 'RemoveDistMeasurementNodes'.
Tue 23:37: INFO    : Graph-pass 'RemoveDistMeasurementNodes' took 4.03200 µs (1 iterations)
Tue 23:37: INFO    : Running kernel graph-pass 'ScheduleApplier'.
Tue 23:37: INFO    : Graph-pass 'ScheduleApplier' took 15.9419 ms (1 iterations)
Tue 23:37: INFO    : Maximum stream latency for kernel 'loopKernel': 199
Tue 23:37: INFO    : Using user logic for flush.
Tue 23:37: INFO    : Running Photon post-schedule graph optimisations (pass 2)
Tue 23:37: INFO    : Running kernel graph-pass 'TapFIFOsPass'.
Tue 23:37: INFO    : Tapped 171 FIFOs.
Tue 23:37: INFO    : Tapped 171 FIFOs.
Tue 23:37: INFO    : Graph-pass 'TapFIFOsPass' took 10.4044 ms (2 iterations)
Tue 23:37: INFO    : Running kernel graph-pass 'FoldFIFOsPass'.
Tue 23:37: INFO    : Folded 0 FIFOs.
Tue 23:37: INFO    : Graph-pass 'FoldFIFOsPass' took 559.787 µs (1 iterations)
Tue 23:37: INFO    : Dumping graph 'tapnfold_2' with DotDumper.
Tue 23:37: INFO    : Dumping graph 'tapnfold_2' with DotDumper took 13.7163 ms
Tue 23:37: INFO    : Running kernel graph-pass 'ScheduleAsserter'.
Tue 23:37: INFO    : Graph-pass 'ScheduleAsserter' took 1.47976 ms (1 iterations)
Tue 23:37: INFO    : Running kernel graph-pass 'ReplaceEvalStreamOffsetNodes'.
Tue 23:37: INFO    : Graph-pass 'ReplaceEvalStreamOffsetNodes' took 6.00067 ms (1 iterations)
Tue 23:37: INFO    : Running kernel graph-pass 'MoveFanoutRegsForwards'.
Tue 23:37: INFO    : Graph-pass 'MoveFanoutRegsForwards' took 365.464 µs (1 iterations)
Tue 23:37: INFO    : Running kernel graph-pass 'FIFOReport'.
Tue 23:37: INFO    : Graph-pass 'FIFOReport' took 3.85300 ms (1 iterations)
Tue 23:37: INFO    : Running kernel graph-pass 'StatsPass'.
Tue 23:37: INFO    : Graph-pass 'StatsPass' took 3.40202 ms (1 iterations)
Tue 23:37: INFO    : Running kernel graph-pass 'RemoveUntypedConstants'.
Tue 23:37: INFO    : Removed 0 untyped constants.
Tue 23:37: INFO    : Graph-pass 'RemoveUntypedConstants' took 763.879 µs (1 iterations)
Tue 23:37: INFO    : Running kernel graph-pass 'VariableSizeMappedRegInserter'.
Tue 23:37: INFO    : Graph-pass 'VariableSizeMappedRegInserter' took 375.007 µs (1 iterations)
Tue 23:37: INFO    : Running kernel graph-pass 'MakeMaxFileNodeData'.
Tue 23:37: INFO    : Graph-pass 'MakeMaxFileNodeData' took 23.9777 ms (1 iterations)
Tue 23:37: INFO    : Dumping graph 'final' with DotDumper.
Tue 23:37: INFO    : Dumping graph 'final' with DotDumper took 15.6260 ms
Tue 23:37: INFO    : Running kernel graph-pass 'FIFOReportDotDump'.
Tue 23:37: INFO    : Graph-pass 'FIFOReportDotDump' took 21.4118 ms (1 iterations)
Tue 23:37: INFO    : Running kernel graph-pass 'FIFOReportDotDump'.
Tue 23:37: INFO    : Graph-pass 'FIFOReportDotDump' took 28.2971 ms (1 iterations)
Tue 23:37: INFO    : Running kernel graph-pass 'StallScopeDump'.
Tue 23:37: INFO    : Graph-pass 'StallScopeDump' took 4.45035 ms (1 iterations)
Tue 23:37: INFO    : Optimization report for Kernel 'loopKernel'.
Tue 23:37: INFO    : Enabled optimizations:
Tue 23:37: INFO    : 	Power-of-2 Floating Point
Tue 23:37: INFO    : 	DSP Multiply-Add Extraction
Tue 23:37: INFO    : 	Tri-Adder
Tue 23:37: INFO    : 	Conditional (Tri)Adds/Subs/AddSubs
Tue 23:37: INFO    : Total compilation of 'loopKernel' took 1.04427 s.
Tue 23:37: PROGRESS: 
Tue 23:37: PROGRESS: Instantiating kernel "processingKernel"
Tue 23:37: PROGRESS: Compiling kernel "processingKernel"
Tue 23:37: INFO    : Configuration:
Tue 23:37: INFO    : 	KernelConfiguration.additionalInputPipelining = 64                                          [Init: 64]
Tue 23:37: INFO    : 	KernelConfiguration.allowDSPCascading = true                                                [Init: true]
Tue 23:37: INFO    : 	KernelConfiguration.allowInputsOutputsBeforeFlushNode = false                               [Init: false]
Tue 23:37: INFO    : 	KernelConfiguration.allowZeroLatencyNodeHold = false                                        [Init: false]
Tue 23:37: INFO    : 	KernelConfiguration.bramBitsThreshold = 2080                                                [Init: 2080]
Tue 23:37: INFO    : 	KernelConfiguration.buildTarget = MAXCOMPILERSIM_HOST_DRIVEN                                [Init: NONE, change: MAXCOMPILERSIM_HOST_DRIVEN]
Tue 23:37: INFO    : 	KernelConfiguration.cePipelining = 2                                                        [Init: 2]
Tue 23:37: INFO    : 	KernelConfiguration.checkPartialConnections = true                                          [Init: true]
Tue 23:37: INFO    : 	KernelConfiguration.clockPhaseBalanceThreshold = 0.1                                        [Init: 0.1]
Tue 23:37: INFO    : 	KernelConfiguration.clockPhasingRetries = 50                                                [Init: 50]
Tue 23:37: INFO    : 	KernelConfiguration.constantMultiplicationWithShiftAddThreshold = 3                         [Init: 3]
Tue 23:37: INFO    : 	KernelConfiguration.criticalPathsOnly = false                                               [Init: false]
Tue 23:37: INFO    : 	KernelConfiguration.dumpNeighboursString =                                                  [Init: ]
Tue 23:37: INFO    : 	KernelConfiguration.enableCeReplication = true                                              [Init: true]
Tue 23:37: INFO    : 	KernelConfiguration.enableDebugIOControlRegs = true                                         [Init: true]
Tue 23:37: INFO    : 	KernelConfiguration.enableDummyBuild = false                                                [Init: false]
Tue 23:37: INFO    : 	KernelConfiguration.enablePipelinedComputeController = false                                [Init: false]
Tue 23:37: INFO    : 	KernelConfiguration.enableShadowRegister = false                                            [Init: false]
Tue 23:37: INFO    : 	KernelConfiguration.enableSmartKernelControl = false                                        [Init: false]
Tue 23:37: INFO    : 	KernelConfiguration.enableStatesReportingPasses = true                                      [Init: true]
Tue 23:37: INFO    : 	KernelConfiguration.fifoSrlRegisterStages = 1                                               [Init: 1]
Tue 23:37: INFO    : 	KernelConfiguration.flushOnInputDataCongtiguous = false                                     [Init: false]
Tue 23:37: INFO    : 	KernelConfiguration.hardwareDebugDepth = 512                                                [Init: 512]
Tue 23:37: INFO    : 	KernelConfiguration.hwHierarchyMode = UNSET                                                 [Init: UNSET]
Tue 23:37: INFO    : 	KernelConfiguration.latencyAnnotation = false                                               [Init: false]
Tue 23:37: INFO    : 	KernelConfiguration.latencyAnnotationAll = true                                             [Init: true]
Tue 23:37: INFO    : 	KernelConfiguration.latencyAnnotationIOs =                                                  [Init: null]
Tue 23:37: INFO    : 	KernelConfiguration.maxCoalescedFifoWidth = 2147483647                                      [Init: 2147483647]
Tue 23:37: INFO    : 	KernelConfiguration.maxPreAdderFanOut = 1                                                   [Init: 1]
Tue 23:37: INFO    : 	KernelConfiguration.netlistMode = false                                                     [Init: false]
Tue 23:37: INFO    : 	KernelConfiguration.numPhotonStateMachines = 1                                              [Init: 1]
Tue 23:37: INFO    : 	KernelConfiguration.optimizations.ceCounterRegisterDuplication = 1                          [Init: 1]
Tue 23:37: INFO    : 	KernelConfiguration.optimizations.conditionalArithmetic = true                              [Init: true]
Tue 23:37: INFO    : 	KernelConfiguration.optimizations.counterChainWrapPipelining = 0                            [Init: 0]
Tue 23:37: INFO    : 	KernelConfiguration.optimizations.dspAddChain = OPTIMISE                                    [Init: null, change: OPTIMISE]
Tue 23:37: INFO    : 	KernelConfiguration.optimizations.enableActiveFanoutReduction = false                       [Init: false]
Tue 23:37: INFO    : 	KernelConfiguration.optimizations.enableBUFGCE = false                                      [Init: false]
Tue 23:37: INFO    : 	KernelConfiguration.optimizations.enableBetterInputRegistering = false                      [Init: false]
Tue 23:37: INFO    : 	KernelConfiguration.optimizations.enableBetterRegistering = false                           [Init: false]
Tue 23:37: INFO    : 	KernelConfiguration.optimizations.enableFIFOCoalescingAcrossPlacementConstraints = false    [Init: false]
Tue 23:37: INFO    : 	KernelConfiguration.optimizations.enableFifoCoalescing = true                               [Init: true]
Tue 23:37: INFO    : 	KernelConfiguration.optimizations.enableIntegratedRounding = false                          [Init: false]
Tue 23:37: INFO    : 	KernelConfiguration.optimizations.enableMappedMemoryHostReadBack = true                     [Init: true]
Tue 23:37: INFO    : 	KernelConfiguration.optimizations.enableMultiCycleReset = false                             [Init: false]
Tue 23:37: INFO    : 	KernelConfiguration.optimizations.enablePowerTwoFloatMult = true                            [Init: true]
Tue 23:37: INFO    : 	KernelConfiguration.optimizations.enableRedundantNodeDeletion = true                        [Init: true]
Tue 23:37: INFO    : 	KernelConfiguration.optimizations.enableStateMachineRegisterMerging = true                  [Init: true]
Tue 23:37: INFO    : 	KernelConfiguration.optimizations.inlining = true                                           [Init: false, change: true]
Tue 23:37: INFO    : 	KernelConfiguration.optimizations.inputFlushDistanceFactor = 0                              [Init: 0]
Tue 23:37: INFO    : 	KernelConfiguration.optimizations.minimumStaticFIFOSplitDepth = 1                           [Init: 1]
Tue 23:37: INFO    : 	KernelConfiguration.optimizations.optimizationTechnique = DEFAULT                           [Init: DEFAULT]
Tue 23:37: INFO    : 	KernelConfiguration.optimizations.preserveNodeRegisters = true                              [Init: true]
Tue 23:37: INFO    : 	KernelConfiguration.optimizations.triAdd = true                                             [Init: true]
Tue 23:37: INFO    : 	KernelConfiguration.partialReconfBlockName =                                                [Init: ]
Tue 23:37: INFO    : 	KernelConfiguration.partialReconfMode = false                                               [Init: false]
Tue 23:37: INFO    : 	KernelConfiguration.partialReconfTemplate = false                                           [Init: false]
Tue 23:37: INFO    : 	KernelConfiguration.replicateNodeCeLog2NumPartitions = 0                                    [Init: 0]
Tue 23:37: INFO    : 	KernelConfiguration.romBRAMBitsThreshold = 2080                                             [Init: 2080]
Tue 23:37: INFO    : 	KernelConfiguration.simulation.ramAddressCollisionBehaviour = EXCEPTION                     [Init: EXCEPTION]
Tue 23:37: INFO    : 	KernelConfiguration.simulation.ramOutOfBoundsAccessBehaviour = EXCEPTION                    [Init: EXCEPTION]
Tue 23:37: INFO    : 	KernelConfiguration.simulation.simProgressMessageFrequency = 0                              [Init: 0]
Tue 23:37: INFO    : 	KernelConfiguration.useAsapScheduler = false                                                [Init: false]
Tue 23:37: INFO    : 
Tue 23:37: INFO    :  -- 
Tue 23:37: INFO    : Deleting directory: neighbours
Tue 23:37: INFO    : Writing current graph to: MCSS-processingKernel-original.pxg
Tue 23:37: INFO    : Dumping graph 'original' with DotDumper.
Tue 23:37: INFO    : Deleting /mnt/ccnas2/tdp/dc3117/max/mcss/MCSS/builds/sim/MCSS_MAX5C_DFE_SIM/scratch/processingKernel.graphs
Tue 23:37: INFO    : Dumping graph 'original' with DotDumper took 32.2449 ms
Tue 23:37: INFO    : Running Photon pre-schedule graph optimisations
Tue 23:37: INFO    : Running kernel graph-pass 'MarkConstantPass'.
Tue 23:37: INFO    : Graph-pass 'MarkConstantPass' took 1.75119 ms (1 iterations)
Tue 23:37: INFO    : Running kernel graph-pass 'AlignOrEradicatePrintfs'.
Tue 23:37: INFO    : Erradicated 1 printf nodes
Tue 23:37: INFO    : Graph-pass 'AlignOrEradicatePrintfs' took 574.280 µs (1 iterations)
Tue 23:37: INFO    : Running kernel graph-pass 'FoldConstantsPass'.
Tue 23:37: INFO    : Folded 1563 nodes.
Tue 23:37: INFO    : Folded 3123 nodes.
Tue 23:37: INFO    : Graph-pass 'FoldConstantsPass' took 17.5224 ms (2 iterations)
Tue 23:37: INFO    : Running kernel graph-pass 'DeleteRedundantNodes'.
Tue 23:37: INFO    : Graph-pass 'DeleteRedundantNodes' took 414.625 µs (1 iterations)
Tue 23:37: INFO    : Running kernel graph-pass 'CollectNumericExceptions'.
Tue 23:37: INFO    : Graph-pass 'CollectNumericExceptions' took 318.153 µs (1 iterations)
Tue 23:37: INFO    : Running Photon simulation preparation
Tue 23:37: INFO    : Running kernel graph-pass 'PrepareSimulationPass'.
Tue 23:37: INFO    : Graph-pass 'PrepareSimulationPass' took 17.0966 ms (2 iterations)
Tue 23:37: INFO    : Running kernel graph-pass 'OptimiseNodesPass'.
Tue 23:37: INFO    : Graph-pass 'OptimiseNodesPass' took 92.0976 ms (2 iterations)
Tue 23:37: INFO    : Running kernel graph-pass 'StreamOffsetDivExpand'.
Tue 23:37: INFO    : Graph-pass 'StreamOffsetDivExpand' took 428.751 µs (1 iterations)
Tue 23:37: INFO    : Running kernel graph-pass 'RemoveUntypedConstants'.
Tue 23:37: INFO    : Removed 315 untyped constants.
Tue 23:37: INFO    : Graph-pass 'RemoveUntypedConstants' took 51.7701 ms (1 iterations)
Tue 23:37: INFO    : Running kernel graph-pass 'PO2FPMultOptimiser'.
Tue 23:37: INFO    : Graph-pass 'PO2FPMultOptimiser' took 700.324 µs (1 iterations)
Tue 23:37: INFO    : Dumping graph 'pre_dsp_extraction' with DotDumper.
Tue 23:37: INFO    : Dumping graph 'pre_dsp_extraction' with DotDumper took 37.3388 ms
Tue 23:37: INFO    : Running kernel graph-pass 'DspMultiplyAddExtractionPass'.
Tue 23:37: INFO    : Optimized 0 sub-graphs into DSP multiply/add chains (Ultrascale mode).
Tue 23:37: INFO    : Graph-pass 'DspMultiplyAddExtractionPass' took 34.3922 ms (1 iterations)
Tue 23:37: INFO    : Dumping graph 'post_dsp_extraction' with DotDumper.
Tue 23:37: INFO    : Dumping graph 'post_dsp_extraction' with DotDumper took 46.1298 ms
Tue 23:37: INFO    : Running kernel graph-pass 'TriArithInsertionPass'.
Tue 23:37: INFO    : MultiAdd inserter didn't add any nodes.
Tue 23:37: INFO    : Graph-pass 'TriArithInsertionPass' took 2.04036 ms (1 iterations)
Tue 23:37: INFO    : Dumping graph 'post_tri_add_extraction' with DotDumper.
Tue 23:37: INFO    : Dumping graph 'post_tri_add_extraction' with DotDumper took 34.4174 ms
Tue 23:37: INFO    : Dumping graph 'pre_condadd_extraction' with DotDumper.
Tue 23:37: INFO    : Dumping graph 'pre_condadd_extraction' with DotDumper took 33.5196 ms
Tue 23:37: INFO    : Running kernel graph-pass 'ConditionalAddExtractionPass'.
Tue 23:37: INFO    : Optimized 0 sub-graphs into conditional adds/subs/triadds.
Tue 23:37: INFO    : Graph-pass 'ConditionalAddExtractionPass' took 1.03995 ms (1 iterations)
Tue 23:37: INFO    : Running kernel graph-pass 'ConditionalPosNegExtractionPass'.
Tue 23:37: INFO    : Graph-pass 'ConditionalPosNegExtractionPass' took 267.860 µs (1 iterations)
Tue 23:37: INFO    : Running kernel graph-pass 'RemoveUntypedConstants'.
Tue 23:37: INFO    : Removed 0 untyped constants.
Tue 23:37: INFO    : Graph-pass 'RemoveUntypedConstants' took 1.01968 ms (1 iterations)
Tue 23:37: INFO    : Running kernel graph-pass 'GraphLevelPipelining'.
Tue 23:37: INFO    : Inserted 0 pipelining registers.
Tue 23:37: INFO    : Graph-pass 'GraphLevelPipelining' took 2.13573 ms (1 iterations)
Tue 23:37: INFO    : Running kernel graph-pass 'LimitFanoutPass'.
Tue 23:37: INFO    : At node 76.output, applied chain fanout limit of 32 creating 9 new registers.
Tue 23:37: INFO    : At node 74.o, applied chain fanout limit of 32 creating 3 new registers.
Tue 23:37: INFO    : At node 21.o, applied chain fanout limit of 32 creating 6 new registers.
Tue 23:37: INFO    : Graph-pass 'LimitFanoutPass' took 45.0030 ms (1 iterations)
Tue 23:37: INFO    : Dumping graph 'optimised' with DotDumper.
Tue 23:37: INFO    : Dumping graph 'optimised' with DotDumper took 35.7448 ms
Tue 23:37: INFO    : Logging Photon stats to: processingKernel_photon_stats.csv
Tue 23:37: INFO    : Deleting /mnt/ccnas2/tdp/dc3117/max/mcss/MCSS/builds/sim/MCSS_MAX5C_DFE_SIM/scratch/processingKernel_photon_stats.csv
Tue 23:37: INFO    : Running kernel graph-pass 'StatsPass'.
Tue 23:37: INFO    : Graph-pass 'StatsPass' took 6.73561 ms (1 iterations)
Tue 23:37: INFO    : Running kernel graph-pass 'ReachabilityPass'.
Tue 23:37: INFO    : Graph-pass 'ReachabilityPass' took 821.934 µs (1 iterations)
Tue 23:37: INFO    : Running kernel graph-pass 'ReachabilityPass'.
Tue 23:37: INFO    : Graph-pass 'ReachabilityPass' took 647.605 µs (1 iterations)
Tue 23:37: INFO    : Running kernel graph-pass 'FindInputsLeadingToFlush'.
Tue 23:37: INFO    : Graph-pass 'FindInputsLeadingToFlush' took 166.383 µs (1 iterations)
Tue 23:37: INFO    : Running kernel graph-pass 'CheckForStatefulToFlushViolations'.
Tue 23:37: INFO    : Graph-pass 'CheckForStatefulToFlushViolations' took 180.580 µs (1 iterations)
Tue 23:37: INFO    : Running kernel graph-pass 'CheckForInputToFlushViolations'.
Tue 23:37: INFO    : Graph-pass 'CheckForInputToFlushViolations' took 735.216 µs (1 iterations)
Tue 23:37: INFO    : Running kernel graph-pass 'FindIllegalLoops'.
Tue 23:37: INFO    : Finding illegal loops for 302 loops.
Tue 23:37: INFO    : Graph-pass 'FindIllegalLoops' took 39.9726 ms (1 iterations)
Tue 23:37: INFO    : Running kernel graph-pass 'AddNodeSchedulingConstraints'.
Tue 23:37: INFO    : Graph-pass 'AddNodeSchedulingConstraints' took 331.198 µs (1 iterations)
Tue 23:37: INFO    : Running kernel graph-pass 'MarkConstantPass'.
Tue 23:37: INFO    : Graph-pass 'MarkConstantPass' took 1.43720 ms (1 iterations)
Tue 23:37: INFO    : Running kernel graph-pass 'ScheduleVariables'.
Tue 23:37: INFO    : Graph-pass 'ScheduleVariables' took 5.64437 ms (1 iterations)
Tue 23:37: INFO    : Running kernel graph-pass 'SubstituteEqPlaceholders'.
Tue 23:37: INFO    : Graph-pass 'SubstituteEqPlaceholders' took 238.915 µs (1 iterations)
Tue 23:37: INFO    : Running kernel graph-pass 'MarkConstantPass'.
Tue 23:37: INFO    : Graph-pass 'MarkConstantPass' took 578.168 µs (1 iterations)
Tue 23:37: INFO    : Running kernel graph-pass 'ScheduleApplier'.
Tue 23:37: INFO    : Graph-pass 'ScheduleApplier' took 5.42363 ms (1 iterations)
Tue 23:37: INFO    : Running kernel graph-pass 'ScheduleDumper'.
Tue 23:37: INFO    : Graph-pass 'ScheduleDumper' took 1.85686 ms (1 iterations)
Tue 23:37: INFO    : Running Photon post-schedule graph optimisations (pass 1)
Tue 23:37: INFO    : Running kernel graph-pass 'TapFIFOsPass'.
Tue 23:37: INFO    : Tapped 0 FIFOs.
Tue 23:37: INFO    : Graph-pass 'TapFIFOsPass' took 2.60718 ms (1 iterations)
Tue 23:37: INFO    : Running kernel graph-pass 'FoldFIFOsPass'.
Tue 23:37: INFO    : Folded 0 FIFOs.
Tue 23:37: INFO    : Graph-pass 'FoldFIFOsPass' took 749.036 µs (1 iterations)
Tue 23:37: INFO    : Dumping graph 'tapnfold_1' with DotDumper.
Tue 23:37: INFO    : Dumping graph 'tapnfold_1' with DotDumper took 35.3721 ms
Tue 23:37: INFO    : Running kernel graph-pass 'OptimiseVariableFIFOs'.
Tue 23:37: INFO    : Graph-pass 'OptimiseVariableFIFOs' took 187.701 µs (1 iterations)
Tue 23:37: INFO    : Dumping graph 'validated_fifos' with DotDumper.
Tue 23:37: INFO    : Dumping graph 'validated_fifos' with DotDumper took 30.7343 ms
Tue 23:37: INFO    : Running kernel graph-pass 'ScheduleDumper'.
Tue 23:37: INFO    : Graph-pass 'ScheduleDumper' took 1.59306 ms (1 iterations)
Tue 23:37: INFO    : Running kernel graph-pass 'ScheduleConstants'.
Tue 23:37: INFO    : Running command: "/vol/cc/opt/maxeler/maxcompiler-2020.2/bin/cbc" "processingKernel_schedule_C.mps.gz" -threads 72 -solve  -printi csv -solu "processingKernel_schedule_C.csv" > "processingKernel_schedule_C.stdout.log"
Tue 23:37: INFO    : Checking for file hash changes...
Tue 23:37: INFO    : No changes.
Tue 23:37: INFO    : Optimum found: 14096
Tue 23:37: INFO    : Graph-pass 'ScheduleConstants' took 90.3522 ms (1 iterations)
Tue 23:37: INFO    : Running kernel graph-pass 'ScheduleDumper'.
Tue 23:37: INFO    : Graph-pass 'ScheduleDumper' took 3.77926 ms (1 iterations)
Tue 23:37: INFO    : Running kernel graph-pass 'SubstituteEqPlaceholders'.
Tue 23:37: INFO    : Graph-pass 'SubstituteEqPlaceholders' took 589.562 µs (1 iterations)
Tue 23:37: INFO    : Running kernel graph-pass 'MarkConstantPass'.
Tue 23:37: INFO    : Graph-pass 'MarkConstantPass' took 1.04883 ms (1 iterations)
Tue 23:37: INFO    : Running kernel graph-pass 'RemoveDistMeasurementNodes'.
Tue 23:37: INFO    : Graph-pass 'RemoveDistMeasurementNodes' took 3.21100 µs (1 iterations)
Tue 23:37: INFO    : Running kernel graph-pass 'ScheduleApplier'.
Tue 23:37: INFO    : Graph-pass 'ScheduleApplier' took 54.2193 ms (1 iterations)
Tue 23:37: INFO    : Maximum stream latency for kernel 'processingKernel': 122
Tue 23:37: INFO    : Using user logic for flush.
Tue 23:37: INFO    : Running Photon post-schedule graph optimisations (pass 2)
Tue 23:37: INFO    : Running kernel graph-pass 'TapFIFOsPass'.
Tue 23:37: INFO    : Tapped 515 FIFOs.
Tue 23:37: INFO    : Tapped 515 FIFOs.
Tue 23:37: INFO    : Graph-pass 'TapFIFOsPass' took 25.6569 ms (2 iterations)
Tue 23:37: INFO    : Running kernel graph-pass 'FoldFIFOsPass'.
Tue 23:37: INFO    : Folded 0 FIFOs.
Tue 23:37: INFO    : Graph-pass 'FoldFIFOsPass' took 942.177 µs (1 iterations)
Tue 23:37: INFO    : Dumping graph 'tapnfold_2' with DotDumper.
Tue 23:37: INFO    : Dumping graph 'tapnfold_2' with DotDumper took 20.0540 ms
Tue 23:37: INFO    : Running kernel graph-pass 'ScheduleAsserter'.
Tue 23:37: INFO    : Graph-pass 'ScheduleAsserter' took 2.23072 ms (1 iterations)
Tue 23:37: INFO    : Running kernel graph-pass 'ReplaceEvalStreamOffsetNodes'.
Tue 23:37: INFO    : Graph-pass 'ReplaceEvalStreamOffsetNodes' took 235.684 µs (1 iterations)
Tue 23:37: INFO    : Running kernel graph-pass 'MoveFanoutRegsForwards'.
Tue 23:37: INFO    : Graph-pass 'MoveFanoutRegsForwards' took 149.739 µs (1 iterations)
Tue 23:37: INFO    : Running kernel graph-pass 'FIFOReport'.
Tue 23:37: INFO    : Graph-pass 'FIFOReport' took 4.67142 ms (1 iterations)
Tue 23:37: INFO    : Running kernel graph-pass 'StatsPass'.
Tue 23:37: INFO    : Graph-pass 'StatsPass' took 3.54137 ms (1 iterations)
Tue 23:37: INFO    : Running kernel graph-pass 'RemoveUntypedConstants'.
Tue 23:37: INFO    : Removed 0 untyped constants.
Tue 23:37: INFO    : Graph-pass 'RemoveUntypedConstants' took 1.12007 ms (1 iterations)
Tue 23:37: INFO    : Running kernel graph-pass 'VariableSizeMappedRegInserter'.
Tue 23:37: INFO    : Graph-pass 'VariableSizeMappedRegInserter' took 168.527 µs (1 iterations)
Tue 23:37: INFO    : Running kernel graph-pass 'MakeMaxFileNodeData'.
Tue 23:37: INFO    : Graph-pass 'MakeMaxFileNodeData' took 18.3606 ms (1 iterations)
Tue 23:37: INFO    : Dumping graph 'final' with DotDumper.
Tue 23:37: INFO    : Dumping graph 'final' with DotDumper took 23.8169 ms
Tue 23:37: INFO    : Running kernel graph-pass 'FIFOReportDotDump'.
Tue 23:37: INFO    : Graph-pass 'FIFOReportDotDump' took 10.9103 ms (1 iterations)
Tue 23:37: INFO    : Running kernel graph-pass 'FIFOReportDotDump'.
Tue 23:37: INFO    : Graph-pass 'FIFOReportDotDump' took 14.0490 ms (1 iterations)
Tue 23:37: INFO    : Running kernel graph-pass 'StallScopeDump'.
Tue 23:37: INFO    : Graph-pass 'StallScopeDump' took 5.43494 ms (1 iterations)
Tue 23:37: INFO    : Optimization report for Kernel 'processingKernel'.
Tue 23:37: INFO    : Enabled optimizations:
Tue 23:37: INFO    : 	Power-of-2 Floating Point
Tue 23:37: INFO    : 	DSP Multiply-Add Extraction
Tue 23:37: INFO    : 	Tri-Adder
Tue 23:37: INFO    : 	Conditional (Tri)Adds/Subs/AddSubs
Tue 23:37: INFO    : Total compilation of 'processingKernel' took 1.04877 s.
Tue 23:37: PROGRESS: 
Tue 23:37: INFO    : Backing-up source-files (old source files in build directory will be removed first)...
Tue 23:37: INFO    : Source directories: src
Tue 23:37: INFO    : Deleting directory: src
Tue 23:37: INFO    : Copying source-files took 9.56144 ms
Tue 23:37: INFO    : SLiC mode information: adding mode 'default'
Tue 23:37: INFO    : Manager Configuration:
Tue 23:37: INFO    : 	ManagerConfiguration.allowNonMultipleTransitions = false                           [Init: false]
Tue 23:37: INFO    : 	ManagerConfiguration.build.bramMappingScaleFactor = 1.0                            [Init: 1.0]
Tue 23:37: INFO    : 	ManagerConfiguration.build.buildEffort = MEDIUM                                    [Init: MEDIUM]
Tue 23:37: INFO    : 	ManagerConfiguration.build.continueAfterMeetingTiming = false                      [Init: false]
Tue 23:37: INFO    : 	ManagerConfiguration.build.enableChipScopeInserter = false                         [Init: false]
Tue 23:37: INFO    : 	ManagerConfiguration.build.enablePcieIbert = false                                 [Init: false]
Tue 23:37: INFO    : 	ManagerConfiguration.build.enablePcieJtag = false                                  [Init: false]
Tue 23:37: INFO    : 	ManagerConfiguration.build.enableTandemBoot = false                                [Init: false]
Tue 23:37: INFO    : 	ManagerConfiguration.build.enableTimingAnalysis = true                             [Init: true]
Tue 23:37: INFO    : 	ManagerConfiguration.build.enableXpmMacro = true                                   [Init: true]
Tue 23:37: INFO    : 	ManagerConfiguration.build.generateHexBitfile = false                              [Init: false]
Tue 23:37: INFO    : 	ManagerConfiguration.build.implementationNearMissRetries = 0                       [Init: 0]
Tue 23:37: INFO    : 	ManagerConfiguration.build.implementationNearMissThreshold = 0                     [Init: 0]
Tue 23:37: INFO    : 	ManagerConfiguration.build.keepWrapperNodeHierarchy = true                         [Init: true]
Tue 23:37: INFO    : 	ManagerConfiguration.build.level = FULL_BUILD                                      [Init: FULL_BUILD]
Tue 23:37: INFO    : 	ManagerConfiguration.build.logicMappingScaleFactor = 1.0                           [Init: 1.0]
Tue 23:37: INFO    : 	ManagerConfiguration.build.optimizationGoal = BALANCED                             [Init: BALANCED]
Tue 23:37: INFO    : 	ManagerConfiguration.build.overrideSystemJitter = false                            [Init: false]
Tue 23:37: INFO    : 	ManagerConfiguration.build.parallelism = 1                                         [Init: 1]
Tue 23:37: INFO    : 	ManagerConfiguration.build.powerConsumptionCritWarningThreshold = 76.5             [Init: 40.0, change: 76.5]
Tue 23:37: INFO    : 	ManagerConfiguration.build.powerConsumptionErrorThreshold = 91.79999542236328      [Init: 60.0, change: 91.79999542236328]
Tue 23:37: INFO    : 	ManagerConfiguration.build.powerConsumptionWarningThreshold = 61.20000076293945    [Init: 20.0, change: 61.20000076293945]
Tue 23:37: INFO    : 	ManagerConfiguration.build.suppressUramCascadingWarning = false                    [Init: false]
Tue 23:37: INFO    : 	ManagerConfiguration.build.systemJitter = 0.13                                     [Init: 0.0, change: 0.13]
Tue 23:37: INFO    : 	ManagerConfiguration.buildTarget = DFE_SIM                                         [Init: null, change: DFE_SIM]
Tue 23:37: INFO    : 	ManagerConfiguration.debug.chipscopeCaptureDepth = 4096                            [Init: 4096]
Tue 23:37: INFO    : 	ManagerConfiguration.debug.fifoUnderOverFlowRegs = false                           [Init: false]
Tue 23:37: INFO    : 	ManagerConfiguration.debug.memCtlDebugRegs = true                                  [Init: true]
Tue 23:37: INFO    : 	ManagerConfiguration.debug.memCtlExtraDebugRegs = false                            [Init: false]
Tue 23:37: INFO    : 	ManagerConfiguration.debug.memMarginingSupport = false                             [Init: false]
Tue 23:37: INFO    : 	ManagerConfiguration.debug.memPhyDebugRegister = NONE                              [Init: NONE]
Tue 23:37: INFO    : 	ManagerConfiguration.debug.memPllLockDebugRegs = true                              [Init: true]
Tue 23:37: INFO    : 	ManagerConfiguration.debug.streamStatus = false                                    [Init: false]
Tue 23:37: INFO    : 	ManagerConfiguration.debug.streamStatusChecksums = false                           [Init: false]
Tue 23:37: INFO    : 	ManagerConfiguration.defaultAdditionalRegisters = 0                                [Init: 0]
Tue 23:37: INFO    : 	ManagerConfiguration.defaultStreamFifoDepth = 512                                  [Init: 512]
Tue 23:37: INFO    : 	ManagerConfiguration.globalMcpConfig.ddrClockFreq = 266.6                          [Init: 0.0, change: 266.6]
Tue 23:37: INFO    : 	ManagerConfiguration.globalMcpConfig.hasMcp = false                                [Init: false]
Tue 23:37: INFO    : 	ManagerConfiguration.globalMcpConfig.onCardMemFreq = 272.5                         [Init: 0.0, change: 272.5]
Tue 23:37: INFO    : 	ManagerConfiguration.pcie.multiCycleMappedMemoryBus = false                        [Init: false]
Tue 23:37: INFO    : 	ManagerConfiguration.pcie.numPCIeLanes = 0                                         [Init: 0]
Tue 23:37: INFO    : 	ManagerConfiguration.pcie.pcieFastClock = false                                    [Init: false]
Tue 23:37: INFO    : 	ManagerConfiguration.pcie.sgFetcherListSize = 16                                   [Init: 16]
Tue 23:37: INFO    : 	ManagerConfiguration.pcie.streamFromHostMaxNum = 0                                 [Init: 0]
Tue 23:37: INFO    : 	ManagerConfiguration.pcie.streamToHostMaxNum = 0                                   [Init: 0]
Tue 23:37: INFO    : 	ManagerConfiguration.reducedMaxfileMacroMode = false                               [Init: false]
Tue 23:37: INFO    : 	ManagerConfiguration.simulation.javaHdlSimRunMode = CONSOLE                        [Init: CONSOLE]
Tue 23:37: INFO    : 	ManagerConfiguration.simulation.javaSimVerboseLevel = LOW                          [Init: LOW]
Tue 23:37: INFO    : 	ManagerConfiguration.simulation.javaSimulationLMemDimmSize = 1048576               [Init: 1048576]
Tue 23:37: INFO    : 	ManagerConfiguration.simulation.javaSimulationRuntime = 1000000000                 [Init: 1000000000]
Tue 23:37: INFO    : 	ManagerConfiguration.simulation.javaSimulationTimeout = 3600                       [Init: 3600]
Tue 23:37: INFO    : 	ManagerConfiguration.simulation.keepJavaSimLMemDataFile = false                    [Init: false]
Tue 23:37: INFO    : 	ManagerConfiguration.simulation.nativeFloatingPoint = false                        [Init: false]
Tue 23:37: INFO    : 	ManagerConfiguration.streamClockFrq = 100.0                                        [Init: 100.0]
Tue 23:37: INFO    : 
Tue 23:37: INFO    :  -- 
Tue 23:37: INFO    : Deleting /mnt/ccnas2/tdp/dc3117/max/mcss/MCSS/builds/sim/MCSS_MAX5C_DFE_SIM/scratch/Manager_MCSS.graphs
Tue 23:37: INFO    : Running manager compiler graph-pass: GenerateMXGInfo
Tue 23:37: INFO    : Running manager compiler graph-pass: AssignClocks
Tue 23:37: INFO    : Clock assignment: Domain 'watch_clk' in node WatchBlock (ID: 10) set to STREAM clock (100.000000 MHz)
Tue 23:37: INFO    : Running manager compiler graph-pass: AssignWidths
Tue 23:37: INFO    : Running manager compiler graph-pass: InsertDualAspectLogic
Tue 23:37: INFO    : Running manager compiler graph-pass: AssignClocks
Tue 23:37: INFO    : Running manager compiler graph-pass: AssignWidths
Tue 23:37: INFO    : Running manager compiler graph-pass: InsertPullPushAdapter
Tue 23:37: INFO    : Running manager compiler graph-pass: AssignClocks
Tue 23:37: INFO    : Running manager compiler graph-pass: AssignWidths
Tue 23:37: INFO    : Running manager compiler graph-pass: InsertStreamFifos
Tue 23:37: INFO    : Running manager compiler graph-pass: AssignClocks
Tue 23:37: INFO    : Running manager compiler graph-pass: AssignWidths
Tue 23:37: INFO    : Running manager compiler graph-pass: InsertStreamStatus
Tue 23:37: INFO    : Running manager compiler graph-pass: InsertChipscope
Tue 23:37: INFO    : Inserted 0 chipscope manager nodes.
Tue 23:37: INFO    : Running manager compiler graph-pass: AssignClocks
Tue 23:37: INFO    : Running manager compiler graph-pass: AssignWidths
Tue 23:37: INFO    : Running manager compiler graph-pass: ReportClockAssignments
Tue 23:37: INFO    : Running manager compiler graph-pass: BuildSoftwareSim
Tue 23:37: INFO    : Running kernel graph-pass 'MarkConstantPass'.
Tue 23:37: INFO    : Graph-pass 'MarkConstantPass' took 472.460 µs (1 iterations)
Tue 23:37: INFO    : Running kernel graph-pass 'MaxConstantLatency'.
Tue 23:37: INFO    : Graph-pass 'MaxConstantLatency' took 90.4590 µs (1 iterations)
Tue 23:37: INFO    : Running kernel graph-pass 'SimCodeGraphPass'.
Tue 23:37: INFO    : Graph-pass 'SimCodeGraphPass' took 6.95082 ms (1 iterations)
Tue 23:37: INFO    : Writing current graph to: MCSS-rngKernel-final-simulation.pxg
Tue 23:37: INFO    : Running kernel graph-pass 'GeneratePXG'.
Tue 23:37: INFO    : Graph-pass 'GeneratePXG' took 20.9112 ms (1 iterations)
Tue 23:37: INFO    : Running kernel graph-pass 'MarkConstantPass'.
Tue 23:37: INFO    : Graph-pass 'MarkConstantPass' took 8.57252 ms (1 iterations)
Tue 23:37: INFO    : Running kernel graph-pass 'MaxConstantLatency'.
Tue 23:37: INFO    : Graph-pass 'MaxConstantLatency' took 898.263 µs (1 iterations)
Tue 23:37: INFO    : Running kernel graph-pass 'SimCodeGraphPass'.
Tue 23:37: INFO    : Graph-pass 'SimCodeGraphPass' took 46.4088 ms (1 iterations)
Tue 23:37: INFO    : Writing current graph to: MCSS-loopKernel-final-simulation.pxg
Tue 23:37: INFO    : Running kernel graph-pass 'GeneratePXG'.
Tue 23:37: INFO    : Graph-pass 'GeneratePXG' took 78.8472 ms (1 iterations)
Tue 23:37: INFO    : Running kernel graph-pass 'MarkConstantPass'.
Tue 23:37: INFO    : Graph-pass 'MarkConstantPass' took 1.09259 ms (1 iterations)
Tue 23:37: INFO    : Running kernel graph-pass 'MaxConstantLatency'.
Tue 23:37: INFO    : Graph-pass 'MaxConstantLatency' took 753.711 µs (1 iterations)
Tue 23:37: INFO    : Running kernel graph-pass 'SimCodeGraphPass'.
Tue 23:37: INFO    : Graph-pass 'SimCodeGraphPass' took 22.0101 ms (1 iterations)
Tue 23:37: INFO    : Writing current graph to: MCSS-processingKernel-final-simulation.pxg
Tue 23:37: INFO    : Running kernel graph-pass 'GeneratePXG'.
Tue 23:37: INFO    : Graph-pass 'GeneratePXG' took 55.3828 ms (1 iterations)
Tue 23:37: INFO    : Mapped register report:
Tue 23:37: INFO    : 	0	rngKernel.io_y_force_disabled	1bytes
Tue 23:37: INFO    : 	1	rngKernel.current_run_cycle_count	6bytes
Tue 23:37: INFO    : 	7	rngKernel.dbg_ctld_almost_empty	1bytes
Tue 23:37: INFO    : 	8	rngKernel.dbg_ctld_done	1bytes
Tue 23:37: INFO    : 	9	rngKernel.dbg_ctld_empty	1bytes
Tue 23:37: INFO    : 	a	rngKernel.dbg_ctld_read	1bytes
Tue 23:37: INFO    : 	b	rngKernel.dbg_ctld_read_pipe_dbg	1bytes
Tue 23:37: INFO    : 	c	rngKernel.dbg_ctld_request	1bytes
Tue 23:37: INFO    : 	d	rngKernel.dbg_done_out	1bytes
Tue 23:37: INFO    : 	e	rngKernel.dbg_fill_level	2bytes
Tue 23:37: INFO    : 	10	rngKernel.dbg_flush_level	2bytes
Tue 23:37: INFO    : 	12	rngKernel.dbg_flush_start	1bytes
Tue 23:37: INFO    : 	13	rngKernel.dbg_flush_start_level	2bytes
Tue 23:37: INFO    : 	15	rngKernel.dbg_flushing	1bytes
Tue 23:37: INFO    : 	16	rngKernel.dbg_full_level	2bytes
Tue 23:37: INFO    : 	18	rngKernel.dbg_out_stall	1bytes
Tue 23:37: INFO    : 	19	rngKernel.dbg_out_valid	1bytes
Tue 23:37: INFO    : 	1a	rngKernel.dbg_stall_vector	1bytes
Tue 23:37: INFO    : 	1b	loopKernel.io_y_force_disabled	1bytes
Tue 23:37: INFO    : 	1c	loopKernel.io_z_force_disabled	1bytes
Tue 23:37: INFO    : 	1d	loopKernel.current_run_cycle_count	6bytes
Tue 23:37: INFO    : 	23	loopKernel.dbg_ctld_almost_empty	1bytes
Tue 23:37: INFO    : 	24	loopKernel.dbg_ctld_done	1bytes
Tue 23:37: INFO    : 	25	loopKernel.dbg_ctld_empty	1bytes
Tue 23:37: INFO    : 	26	loopKernel.dbg_ctld_read	1bytes
Tue 23:37: INFO    : 	27	loopKernel.dbg_ctld_read_pipe_dbg	1bytes
Tue 23:37: INFO    : 	28	loopKernel.dbg_ctld_request	1bytes
Tue 23:37: INFO    : 	29	loopKernel.dbg_done_out	1bytes
Tue 23:37: INFO    : 	2a	loopKernel.dbg_fill_level	1bytes
Tue 23:37: INFO    : 	2b	loopKernel.dbg_flush_level	1bytes
Tue 23:37: INFO    : 	2c	loopKernel.dbg_flush_start	1bytes
Tue 23:37: INFO    : 	2d	loopKernel.dbg_flush_start_level	1bytes
Tue 23:37: INFO    : 	2e	loopKernel.dbg_flushing	1bytes
Tue 23:37: INFO    : 	2f	loopKernel.dbg_full_level	1bytes
Tue 23:37: INFO    : 	30	loopKernel.dbg_out_stall	1bytes
Tue 23:37: INFO    : 	31	loopKernel.dbg_out_valid	1bytes
Tue 23:37: INFO    : 	32	loopKernel.dbg_stall_vector	1bytes
Tue 23:37: INFO    : 	33	processingKernel.numHists	8bytes
Tue 23:37: INFO    : 	3b	processingKernel.io_z_force_disabled	1bytes
Tue 23:37: INFO    : 	3c	processingKernel.io_output_force_disabled	1bytes
Tue 23:37: INFO    : 	3d	processingKernel.run_cycle_count	6bytes
Tue 23:37: INFO    : 	43	processingKernel.current_run_cycle_count	6bytes
Tue 23:37: INFO    : 	49	processingKernel.dbg_ctld_almost_empty	1bytes
Tue 23:37: INFO    : 	4a	processingKernel.dbg_ctld_done	1bytes
Tue 23:37: INFO    : 	4b	processingKernel.dbg_ctld_empty	1bytes
Tue 23:37: INFO    : 	4c	processingKernel.dbg_ctld_read	1bytes
Tue 23:37: INFO    : 	4d	processingKernel.dbg_ctld_read_pipe_dbg	1bytes
Tue 23:37: INFO    : 	4e	processingKernel.dbg_ctld_request	1bytes
Tue 23:37: INFO    : 	4f	processingKernel.dbg_done_out	1bytes
Tue 23:37: INFO    : 	50	processingKernel.dbg_fill_level	1bytes
Tue 23:37: INFO    : 	51	processingKernel.dbg_flush_level	1bytes
Tue 23:37: INFO    : 	52	processingKernel.dbg_flush_start	1bytes
Tue 23:37: INFO    : 	53	processingKernel.dbg_flush_start_level	1bytes
Tue 23:37: INFO    : 	54	processingKernel.dbg_flushing	1bytes
Tue 23:37: INFO    : 	55	processingKernel.dbg_full_level	1bytes
Tue 23:37: INFO    : 	56	processingKernel.dbg_out_stall	1bytes
Tue 23:37: INFO    : 	57	processingKernel.dbg_out_valid	1bytes
Tue 23:37: INFO    : 	58	processingKernel.dbg_stall_vector	1bytes
Tue 23:37: INFO    : 	59	ifpga.ifpga_ctrl	1bytes
Tue 23:37: INFO    : 	5a	SignalForwardingAdapter.SFA_FORWARD_EN	4bytes
Tue 23:37: INFO    : Mapped register chain length = 94
Tue 23:37: INFO    : Mapped register efficiency = 0.58 (437 / 752 bits)
Tue 23:37: INFO    : Mapped memory report:
Tue 23:37: INFO    : 	Memory 'rngKernel.rngKernelgen1_seeds0' @ 4194304
Tue 23:37: INFO    : 	Memory 'rngKernel.rngKernelgen2_seeds0' @ 4259840
Tue 23:37: INFO    : 	Memory 'rngKernel.rngKernelgen3_seeds0' @ 4325376
Tue 23:37: INFO    : Running manager compiler graph-pass: GenerateMXGInfo
Tue 23:37: INFO    : Running manager compiler graph-pass: GenerateSlicHostCode
Tue 23:37: INFO    : Generating SLIC interface information
Tue 23:37: INFO    : Generating SLIC code for interface 'default'
Tue 23:37: INFO    : Skipping blacklisted scalar parameter 'loopKernel.current_run_cycle_count'
Tue 23:37: INFO    : Skipping blacklisted scalar parameter 'processingKernel.current_run_cycle_count'
Tue 23:37: INFO    : Skipping blacklisted scalar parameter 'rngKernel.current_run_cycle_count'
Tue 23:37: INFO    : Generating XML description for Maxfile
Tue 23:37: INFO    : Generating XML description for mode 'default'
Tue 23:37: INFO    : Skipping blacklisted scalar parameter 'loopKernel.current_run_cycle_count'
Tue 23:37: INFO    : Skipping blacklisted scalar parameter 'processingKernel.current_run_cycle_count'
Tue 23:37: INFO    : Skipping blacklisted scalar parameter 'rngKernel.current_run_cycle_count'
Tue 23:37: INFO    : Adding SLIC sections to the maxfile
Tue 23:37: INFO    : Adding user files to the maxfile
Tue 23:37: INFO    : Generating SLIC include file
Tue 23:37: INFO    : Done generating SLIC interface information
Tue 23:37: PROGRESS: Running back-end simulation build (3 phases)
Tue 23:37: PROGRESS: (1/3) - Prepare MaxFile Data (GenerateMaxFileDataFile)
Tue 23:37: INFO    : Build pass 'GenerateMaxFileDataFile' took 30.4526 ms.
Tue 23:37: PROGRESS: (2/3) - Compile Simulation Modules (SimCompilePass)
Tue 23:37: INFO    : Running command: make -f $MAXCOMPILERDIR/lib/simulator/bitstream/Makefile cleanTarget
Tue 23:37: INFO    : rm -f objdir/max_msi.o
Tue 23:37: INFO    : Running command: make -f $MAXCOMPILERDIR/lib/simulator/bitstream/Makefile -j72
Tue 23:37: INFO    : Checking for file hash changes...
Tue 23:37: INFO    : Hash changed for file: 'tmp_resource_dump/rngKernel.cpp'
Tue 23:37: INFO    : Hash changed for file: 'tmp_resource_dump/rngKernel_exec0.cpp'
Tue 23:37: INFO    : Hash changed for file: '../../MaxCompilerDesignData.dat'
Tue 23:37: INFO    : Hash changed for file: 'tmp_resource_dump/rngKernel.h'
Tue 23:37: INFO    : echo "Building bitstream for DFE_SIM"
Tue 23:37: INFO    : Building bitstream for DFE_SIM
Tue 23:37: INFO    : /vol/cc/opt/maxeler/maxcompiler-2020.2/lib/clang/bin/start.sh clang++ -c -MMD -MT objdir/max_msi.o -MF objdir/max_msi.d -std=c++11 -fPIC -B/vol/cc/opt/maxeler/maxcompiler-2020.2/lib/gcc -D__USE_XOPEN2K8 -O3 -Wno-format -Wno-parentheses-equality -I. -I/vol/cc/opt/maxeler/maxcompiler-2020.2/lib/maxeleros-sim/include -I /vol/cc/opt/maxeler/maxcompiler-2020.2/lib/simulator/bitstream/../include -I /vol/cc/opt/maxeler/maxcompiler-2020.2/lib/simulator/bitstream/../api -I/vol/cc/opt/maxeler/maxcompiler-2020.2/lib/lwip_sim -I/vol/cc/opt/maxeler/maxcompiler-2020.2/lib/lwip_sim/include -I/vol/cc/opt/maxeler/maxcompiler-2020.2/lib/lwip_sim/include/arch -I/vol/cc/opt/maxeler/maxcompiler-2020.2/lib/lwip_sim/include/ipv4  -DHAVE_KERNELS -DMAXFILE_INC="../../MaxCompilerDesignData.dat" -g0  -DSLIC_NO_DECLARATIONS   -o objdir/max_msi.o /vol/cc/opt/maxeler/maxcompiler-2020.2/lib/simulator/bitstream/../targets/DFE_SIM/max_msi.cpp
Tue 23:37: INFO    : /vol/cc/opt/maxeler/maxcompiler-2020.2/lib/clang/bin/start.sh clang++ -c -MMD -MT objdir/rngKernel_exec0.O3.o -MF objdir/rngKernel_exec0.O3.d -std=c++11 -fPIC -B/vol/cc/opt/maxeler/maxcompiler-2020.2/lib/gcc -D__USE_XOPEN2K8 -O3 -Wno-format -Wno-parentheses-equality -I. -I/vol/cc/opt/maxeler/maxcompiler-2020.2/lib/maxeleros-sim/include -I /vol/cc/opt/maxeler/maxcompiler-2020.2/lib/simulator/bitstream/../include -I /vol/cc/opt/maxeler/maxcompiler-2020.2/lib/simulator/bitstream/../api -I/vol/cc/opt/maxeler/maxcompiler-2020.2/lib/lwip_sim -I/vol/cc/opt/maxeler/maxcompiler-2020.2/lib/lwip_sim/include -I/vol/cc/opt/maxeler/maxcompiler-2020.2/lib/lwip_sim/include/arch -I/vol/cc/opt/maxeler/maxcompiler-2020.2/lib/lwip_sim/include/ipv4  -DHAVE_KERNELS -DMAXFILE_INC="../../MaxCompilerDesignData.dat" -g0  -DSLIC_NO_DECLARATIONS   -O3 -DOPTIMIZATION_LEVEL=3 -o objdir/rngKernel_exec0.O3.o rngKernel_exec0.cpp
Tue 23:37: INFO    : /vol/cc/opt/maxeler/maxcompiler-2020.2/lib/clang/bin/start.sh clang++ -c -MMD -MT objdir/rngKernel.O0.o -MF objdir/rngKernel.O0.d -std=c++11 -fPIC -B/vol/cc/opt/maxeler/maxcompiler-2020.2/lib/gcc -D__USE_XOPEN2K8 -O3 -Wno-format -Wno-parentheses-equality -I. -I/vol/cc/opt/maxeler/maxcompiler-2020.2/lib/maxeleros-sim/include -I /vol/cc/opt/maxeler/maxcompiler-2020.2/lib/simulator/bitstream/../include -I /vol/cc/opt/maxeler/maxcompiler-2020.2/lib/simulator/bitstream/../api -I/vol/cc/opt/maxeler/maxcompiler-2020.2/lib/lwip_sim -I/vol/cc/opt/maxeler/maxcompiler-2020.2/lib/lwip_sim/include -I/vol/cc/opt/maxeler/maxcompiler-2020.2/lib/lwip_sim/include/arch -I/vol/cc/opt/maxeler/maxcompiler-2020.2/lib/lwip_sim/include/ipv4  -DHAVE_KERNELS -DMAXFILE_INC="../../MaxCompilerDesignData.dat" -g0  -DSLIC_NO_DECLARATIONS   -O0 -DOPTIMIZATION_LEVEL=0 -o objdir/rngKernel.O0.o rngKernel.cpp
Tue 23:37: INFO    : /vol/cc/opt/maxeler/maxcompiler-2020.2/lib/clang/bin/start.sh clang++ -c -MMD -MT objdir/rngKernel_Templates.O2.o -MF objdir/rngKernel_Templates.O2.d -std=c++11 -fPIC -B/vol/cc/opt/maxeler/maxcompiler-2020.2/lib/gcc -D__USE_XOPEN2K8 -O3 -Wno-format -Wno-parentheses-equality -I. -I/vol/cc/opt/maxeler/maxcompiler-2020.2/lib/maxeleros-sim/include -I /vol/cc/opt/maxeler/maxcompiler-2020.2/lib/simulator/bitstream/../include -I /vol/cc/opt/maxeler/maxcompiler-2020.2/lib/simulator/bitstream/../api -I/vol/cc/opt/maxeler/maxcompiler-2020.2/lib/lwip_sim -I/vol/cc/opt/maxeler/maxcompiler-2020.2/lib/lwip_sim/include -I/vol/cc/opt/maxeler/maxcompiler-2020.2/lib/lwip_sim/include/arch -I/vol/cc/opt/maxeler/maxcompiler-2020.2/lib/lwip_sim/include/ipv4  -DHAVE_KERNELS -DMAXFILE_INC="../../MaxCompilerDesignData.dat" -g0  -DSLIC_NO_DECLARATIONS   -O2 -DOPTIMIZATION_LEVEL=2 -o objdir/rngKernel_Templates.O2.o rngKernel_Templates.cpp
Tue 23:37: INFO    : /vol/cc/opt/maxeler/maxcompiler-2020.2/lib/clang/bin/start.sh clang++ -c -MMD -MT objdir/loopKernel_exec0.O3.o -MF objdir/loopKernel_exec0.O3.d -std=c++11 -fPIC -B/vol/cc/opt/maxeler/maxcompiler-2020.2/lib/gcc -D__USE_XOPEN2K8 -O3 -Wno-format -Wno-parentheses-equality -I. -I/vol/cc/opt/maxeler/maxcompiler-2020.2/lib/maxeleros-sim/include -I /vol/cc/opt/maxeler/maxcompiler-2020.2/lib/simulator/bitstream/../include -I /vol/cc/opt/maxeler/maxcompiler-2020.2/lib/simulator/bitstream/../api -I/vol/cc/opt/maxeler/maxcompiler-2020.2/lib/lwip_sim -I/vol/cc/opt/maxeler/maxcompiler-2020.2/lib/lwip_sim/include -I/vol/cc/opt/maxeler/maxcompiler-2020.2/lib/lwip_sim/include/arch -I/vol/cc/opt/maxeler/maxcompiler-2020.2/lib/lwip_sim/include/ipv4  -DHAVE_KERNELS -DMAXFILE_INC="../../MaxCompilerDesignData.dat" -g0  -DSLIC_NO_DECLARATIONS   -O3 -DOPTIMIZATION_LEVEL=3 -o objdir/loopKernel_exec0.O3.o loopKernel_exec0.cpp
Tue 23:37: INFO    : /vol/cc/opt/maxeler/maxcompiler-2020.2/lib/clang/bin/start.sh clang++ -c -MMD -MT objdir/loopKernel.O0.o -MF objdir/loopKernel.O0.d -std=c++11 -fPIC -B/vol/cc/opt/maxeler/maxcompiler-2020.2/lib/gcc -D__USE_XOPEN2K8 -O3 -Wno-format -Wno-parentheses-equality -I. -I/vol/cc/opt/maxeler/maxcompiler-2020.2/lib/maxeleros-sim/include -I /vol/cc/opt/maxeler/maxcompiler-2020.2/lib/simulator/bitstream/../include -I /vol/cc/opt/maxeler/maxcompiler-2020.2/lib/simulator/bitstream/../api -I/vol/cc/opt/maxeler/maxcompiler-2020.2/lib/lwip_sim -I/vol/cc/opt/maxeler/maxcompiler-2020.2/lib/lwip_sim/include -I/vol/cc/opt/maxeler/maxcompiler-2020.2/lib/lwip_sim/include/arch -I/vol/cc/opt/maxeler/maxcompiler-2020.2/lib/lwip_sim/include/ipv4  -DHAVE_KERNELS -DMAXFILE_INC="../../MaxCompilerDesignData.dat" -g0  -DSLIC_NO_DECLARATIONS   -O0 -DOPTIMIZATION_LEVEL=0 -o objdir/loopKernel.O0.o loopKernel.cpp
Tue 23:37: INFO    : /vol/cc/opt/maxeler/maxcompiler-2020.2/lib/clang/bin/start.sh clang++ -c -MMD -MT objdir/loopKernel_Templates.O2.o -MF objdir/loopKernel_Templates.O2.d -std=c++11 -fPIC -B/vol/cc/opt/maxeler/maxcompiler-2020.2/lib/gcc -D__USE_XOPEN2K8 -O3 -Wno-format -Wno-parentheses-equality -I. -I/vol/cc/opt/maxeler/maxcompiler-2020.2/lib/maxeleros-sim/include -I /vol/cc/opt/maxeler/maxcompiler-2020.2/lib/simulator/bitstream/../include -I /vol/cc/opt/maxeler/maxcompiler-2020.2/lib/simulator/bitstream/../api -I/vol/cc/opt/maxeler/maxcompiler-2020.2/lib/lwip_sim -I/vol/cc/opt/maxeler/maxcompiler-2020.2/lib/lwip_sim/include -I/vol/cc/opt/maxeler/maxcompiler-2020.2/lib/lwip_sim/include/arch -I/vol/cc/opt/maxeler/maxcompiler-2020.2/lib/lwip_sim/include/ipv4  -DHAVE_KERNELS -DMAXFILE_INC="../../MaxCompilerDesignData.dat" -g0  -DSLIC_NO_DECLARATIONS   -O2 -DOPTIMIZATION_LEVEL=2 -o objdir/loopKernel_Templates.O2.o loopKernel_Templates.cpp
Tue 23:37: INFO    : /vol/cc/opt/maxeler/maxcompiler-2020.2/lib/clang/bin/start.sh clang++ -c -MMD -MT objdir/processingKernel_exec0.O3.o -MF objdir/processingKernel_exec0.O3.d -std=c++11 -fPIC -B/vol/cc/opt/maxeler/maxcompiler-2020.2/lib/gcc -D__USE_XOPEN2K8 -O3 -Wno-format -Wno-parentheses-equality -I. -I/vol/cc/opt/maxeler/maxcompiler-2020.2/lib/maxeleros-sim/include -I /vol/cc/opt/maxeler/maxcompiler-2020.2/lib/simulator/bitstream/../include -I /vol/cc/opt/maxeler/maxcompiler-2020.2/lib/simulator/bitstream/../api -I/vol/cc/opt/maxeler/maxcompiler-2020.2/lib/lwip_sim -I/vol/cc/opt/maxeler/maxcompiler-2020.2/lib/lwip_sim/include -I/vol/cc/opt/maxeler/maxcompiler-2020.2/lib/lwip_sim/include/arch -I/vol/cc/opt/maxeler/maxcompiler-2020.2/lib/lwip_sim/include/ipv4  -DHAVE_KERNELS -DMAXFILE_INC="../../MaxCompilerDesignData.dat" -g0  -DSLIC_NO_DECLARATIONS   -O3 -DOPTIMIZATION_LEVEL=3 -o objdir/processingKernel_exec0.O3.o processingKernel_exec0.cpp
Tue 23:37: INFO    : /vol/cc/opt/maxeler/maxcompiler-2020.2/lib/clang/bin/start.sh clang++ -c -MMD -MT objdir/processingKernel.O0.o -MF objdir/processingKernel.O0.d -std=c++11 -fPIC -B/vol/cc/opt/maxeler/maxcompiler-2020.2/lib/gcc -D__USE_XOPEN2K8 -O3 -Wno-format -Wno-parentheses-equality -I. -I/vol/cc/opt/maxeler/maxcompiler-2020.2/lib/maxeleros-sim/include -I /vol/cc/opt/maxeler/maxcompiler-2020.2/lib/simulator/bitstream/../include -I /vol/cc/opt/maxeler/maxcompiler-2020.2/lib/simulator/bitstream/../api -I/vol/cc/opt/maxeler/maxcompiler-2020.2/lib/lwip_sim -I/vol/cc/opt/maxeler/maxcompiler-2020.2/lib/lwip_sim/include -I/vol/cc/opt/maxeler/maxcompiler-2020.2/lib/lwip_sim/include/arch -I/vol/cc/opt/maxeler/maxcompiler-2020.2/lib/lwip_sim/include/ipv4  -DHAVE_KERNELS -DMAXFILE_INC="../../MaxCompilerDesignData.dat" -g0  -DSLIC_NO_DECLARATIONS   -O0 -DOPTIMIZATION_LEVEL=0 -o objdir/processingKernel.O0.o processingKernel.cpp
Tue 23:37: INFO    : /vol/cc/opt/maxeler/maxcompiler-2020.2/lib/clang/bin/start.sh clang++ -c -MMD -MT objdir/processingKernel_Templates.O2.o -MF objdir/processingKernel_Templates.O2.d -std=c++11 -fPIC -B/vol/cc/opt/maxeler/maxcompiler-2020.2/lib/gcc -D__USE_XOPEN2K8 -O3 -Wno-format -Wno-parentheses-equality -I. -I/vol/cc/opt/maxeler/maxcompiler-2020.2/lib/maxeleros-sim/include -I /vol/cc/opt/maxeler/maxcompiler-2020.2/lib/simulator/bitstream/../include -I /vol/cc/opt/maxeler/maxcompiler-2020.2/lib/simulator/bitstream/../api -I/vol/cc/opt/maxeler/maxcompiler-2020.2/lib/lwip_sim -I/vol/cc/opt/maxeler/maxcompiler-2020.2/lib/lwip_sim/include -I/vol/cc/opt/maxeler/maxcompiler-2020.2/lib/lwip_sim/include/arch -I/vol/cc/opt/maxeler/maxcompiler-2020.2/lib/lwip_sim/include/ipv4  -DHAVE_KERNELS -DMAXFILE_INC="../../MaxCompilerDesignData.dat" -g0  -DSLIC_NO_DECLARATIONS   -O2 -DOPTIMIZATION_LEVEL=2 -o objdir/processingKernel_Templates.O2.o processingKernel_Templates.cpp
Tue 23:37: INFO    : /vol/cc/opt/maxeler/maxcompiler-2020.2/lib/clang/bin/start.sh clang++ -fPIC -shared -B/vol/cc/opt/maxeler/maxcompiler-2020.2/lib/gcc -lrt /vol/cc/opt/maxeler/maxcompiler-2020.2/lib/lwip_sim/lib/liblwip.a  /vol/cc/opt/maxeler/maxcompiler-2020.2/lib/simulator/bitstream/../simsystem.so -pthread -O3 -s  -o MCSS.so objdir/rngKernel_exec0.O3.o objdir/rngKernel.O0.o objdir/rngKernel_Templates.O2.o objdir/loopKernel_exec0.O3.o objdir/loopKernel.O0.o objdir/loopKernel_Templates.O2.o objdir/processingKernel_exec0.O3.o objdir/processingKernel.O0.o objdir/processingKernel_Templates.O2.o objdir/max_msi.o 
Tue 23:37: INFO    : Build pass 'SimCompilePass' took 7.78961 s.
Tue 23:37: PROGRESS: (3/3) - Generate MaxFile (AddSimObjectToMaxFilePass)
Tue 23:37: INFO    : Build pass 'AddSimObjectToMaxFilePass' took 130.897 ms.
Tue 23:37: INFO    : Final result files after build: 
Tue 23:37: INFO    : Running command: ln -sf "../scratch/MCSS-rngKernel-original.pxg"
Tue 23:37: INFO    : MCSS-rngKernel-original.pxg (BuildFilePXG)
Tue 23:37: INFO    : Running command: ln -sf "../scratch/rngKernel_Configuration.txt"
Tue 23:37: INFO    : rngKernel_Configuration.txt (BuildFile)
Tue 23:37: INFO    : Running command: ln -sf "../scratch/rngKernel_NodeDiary.txt"
Tue 23:37: INFO    : rngKernel_NodeDiary.txt (BuildFile)
Tue 23:37: INFO    : Running command: ln -sf "../scratch/MCSS-loopKernel-original.pxg"
Tue 23:37: INFO    : MCSS-loopKernel-original.pxg (BuildFilePXG)
Tue 23:37: INFO    : Running command: ln -sf "../scratch/loopKernel_Configuration.txt"
Tue 23:37: INFO    : loopKernel_Configuration.txt (BuildFile)
Tue 23:37: INFO    : Running command: ln -sf "../scratch/loopKernel_NodeDiary.txt"
Tue 23:37: INFO    : loopKernel_NodeDiary.txt (BuildFile)
Tue 23:37: INFO    : Running command: ln -sf "../scratch/MCSS-processingKernel-original.pxg"
Tue 23:37: INFO    : MCSS-processingKernel-original.pxg (BuildFilePXG)
Tue 23:37: INFO    : Running command: ln -sf "../scratch/processingKernel_Configuration.txt"
Tue 23:37: INFO    : processingKernel_Configuration.txt (BuildFile)
Tue 23:37: INFO    : Running command: ln -sf "../scratch/processingKernel_NodeDiary.txt"
Tue 23:37: INFO    : processingKernel_NodeDiary.txt (BuildFile)
Tue 23:37: INFO    : Running command: ln -sf "../scratch/MCSS-rngKernel-final-simulation.pxg"
Tue 23:37: INFO    : MCSS-rngKernel-final-simulation.pxg (BuildFilePXG)
Tue 23:37: INFO    : Running command: ln -sf "../scratch/MCSS-loopKernel-final-simulation.pxg"
Tue 23:37: INFO    : MCSS-loopKernel-final-simulation.pxg (BuildFilePXG)
Tue 23:37: INFO    : Running command: ln -sf "../scratch/MCSS-processingKernel-final-simulation.pxg"
Tue 23:37: INFO    : MCSS-processingKernel-final-simulation.pxg (BuildFilePXG)
Tue 23:37: INFO    : Running command: ln -sf "../scratch/MCSS.xml"
Tue 23:37: INFO    : MCSS.xml (BuildFile)
Tue 23:37: INFO    : Running command: ln -sf "../scratch/MCSS.h"
Tue 23:37: INFO    : MCSS.h (BuildFileSlicH)
Tue 23:37: INFO    : Running command: ln -sf "../scratch/MCSS.max"
Tue 23:37: INFO    : MCSS.max (BuildFileMaxFile)
Tue 23:37: PROGRESS: MaxFile: /mnt/ccnas2/tdp/dc3117/max/mcss/MCSS/builds/sim/MCSS_MAX5C_DFE_SIM/results/MCSS.max (MD5Sum: 07293c9500cb09169ad25034393ea4db)
Tue 23:37: INFO    : Waiting for any outstanding jobs to finish... 
Tue 23:37: PROGRESS: Build completed: Tue Jun 22 23:37:30 BST 2021 (took 12 secs)
